

                             _   _
                            (_) | |
      __ _   _ __   __   __  _  | |
     / _` | | '_ \  \ \ / / | | | |
    | (_| | | | | |  \ V /  | | | |
     \__,_| |_| |_|   \_/   |_| |_|

    1.5.1-stable (b0a9dd9ced 2025-12-22T11:41:09.812070000Z)
    https://github.com/foundry-rs/foundry

Available Accounts
==================

(0) 0xf39Fd6e51aad88F6F4ce6aB8827279cffFb92266 (10000.000000000000000000 ETH)
(1) 0x70997970C51812dc3A010C7d01b50e0d17dc79C8 (10000.000000000000000000 ETH)
(2) 0x3C44CdDdB6a900fa2b585dd299e03d12FA4293BC (10000.000000000000000000 ETH)
(3) 0x90F79bf6EB2c4f870365E785982E1f101E93b906 (10000.000000000000000000 ETH)
(4) 0x15d34AAf54267DB7D7c367839AAf71A00a2C6A65 (10000.000000000000000000 ETH)
(5) 0x9965507D1a55bcC2695C58ba16FB37d819B0A4dc (10000.000000000000000000 ETH)
(6) 0x976EA74026E726554dB657fA54763abd0C3a0aa9 (10000.000000000000000000 ETH)
(7) 0x14dC79964da2C08b23698B3D3cc7Ca32193d9955 (10000.000000000000000000 ETH)
(8) 0x23618e81E3f5cdF7f54C3d65f7FBc0aBf5B21E8f (10000.000000000000000000 ETH)
(9) 0xa0Ee7A142d267C1f36714E4a8F75612F20a79720 (10000.000000000000000000 ETH)

Private Keys
==================

(0) 0xac0974bec39a17e36ba4a6b4d238ff944bacb478cbed5efcae784d7bf4f2ff80
(1) 0x59c6995e998f97a5a0044966f0945389dc9e86dae88c7a8412f4603b6b78690d
(2) 0x5de4111afa1a4b94908f83103eb1f1706367c2e68ca870fc3fb9a804cdab365a
(3) 0x7c852118294e51e653712a81e05800f419141751be58f605c371e15141b007a6
(4) 0x47e179ec197488593b187f80a00eb0da91f1b9d0b13f8733639f19c30a34926a
(5) 0x8b3a350cf5c34c9194ca85829a2df0ec3153be0318b5e2d3348e872092edffba
(6) 0x92db14e403b83dfe3df233f83dfa3a0d7096f21ca9b0d6d6b8d88b2b4ec1564e
(7) 0x4bbbf85ce3377467afe5d46f804f221813b2bb87f24d81f60f1fcdbf7cbf4356
(8) 0xdbda1821b80551c9d65939329250298aa3472ba22feea921c0cf5d620ea67b97
(9) 0x2a871d0798f97d79848a013d4936a73bf4cc922c825d33c1cf7073dff6d409c6

Wallet
==================
Mnemonic:          test test test test test test test test test test test junk
Derivation path:   m/44'/60'/0'/0/


Chain ID
==================

1234

Base Fee
==================

1000000000

Gas Limit
==================

30000000

Genesis Timestamp
==================

1771288158

Genesis Number
==================

0

Listening on 127.0.0.1:8545

    Block Number: 1
    Block Hash: 0xc127e5da91355d76783eacef51056f9d664cf774f516ee1d77495df6e1928148
    Block Time: "Tue, 17 Feb 2026 00:29:19 +0000"


    Block Number: 2
    Block Hash: 0xb304a457c8d0580aca7e62585d3a33b3f82ead3e39e681c448af057ae6fca024
    Block Time: "Tue, 17 Feb 2026 00:29:20 +0000"


    Block Number: 3
    Block Hash: 0x1ce34dc45557149add189f029eebfce3e7137fbb809b08563c5234a4711d88cb
    Block Time: "Tue, 17 Feb 2026 00:29:21 +0000"


    Block Number: 4
    Block Hash: 0x1c83335571beed7f5f3fa20f956d009ebee08a32f889de19c57f852d79caa4e9
    Block Time: "Tue, 17 Feb 2026 00:29:22 +0000"


    Block Number: 5
    Block Hash: 0x370a1a1be8200e650f5c34e3764a1d574358315b7c75c4bf2338f1388e885d08
    Block Time: "Tue, 17 Feb 2026 00:29:23 +0000"


    Block Number: 6
    Block Hash: 0x5d3037bbdf408f9652693fb003af143c067d8b6619b93dacad6d2bd0fbb65381
    Block Time: "Tue, 17 Feb 2026 00:29:24 +0000"


    Block Number: 7
    Block Hash: 0x8a419e1e3d3aaafb0c5428157847355dd468e244251a4152cc9227c4cc9f186d
    Block Time: "Tue, 17 Feb 2026 00:29:25 +0000"


    Block Number: 8
    Block Hash: 0xf05e33e1335fbc540aef8a8403fd0bd3e1f280064abb8d9bd10b3ae454519c5d
    Block Time: "Tue, 17 Feb 2026 00:29:26 +0000"


    Block Number: 9
    Block Hash: 0x8aaee4d1be9bf42b7b5217b86f0573d6c636119292de56813e27339a4010dd4a
    Block Time: "Tue, 17 Feb 2026 00:29:27 +0000"


    Block Number: 10
    Block Hash: 0x69710c7ca9c8e2e7425cb343f08e5b3d75d84922d36986b428ed9a3e53e27c51
    Block Time: "Tue, 17 Feb 2026 00:29:28 +0000"


    Block Number: 11
    Block Hash: 0xe6814bfce76750c7e1c516d7209daac7a88e11bfc13d63f55f374e795ba02148
    Block Time: "Tue, 17 Feb 2026 00:29:29 +0000"


    Block Number: 12
    Block Hash: 0x21633d41be0c854b285405b04e0fd0ee69605bb9f405e139640bb48eebfb1649
    Block Time: "Tue, 17 Feb 2026 00:29:30 +0000"


    Block Number: 13
    Block Hash: 0x9718087ad10523475793a0b66b40a009ff502699b926afd0287ffb5a38e6600e
    Block Time: "Tue, 17 Feb 2026 00:29:31 +0000"


    Block Number: 14
    Block Hash: 0x3495eefd227e269b67e3e9253a1eb0620c5f89ed41e9f96597169be75c147ff7
    Block Time: "Tue, 17 Feb 2026 00:29:32 +0000"


    Block Number: 15
    Block Hash: 0x4b7d3b1e851371153f4481874708c74f68ead4eba54d09eac8d23e26a6649a41
    Block Time: "Tue, 17 Feb 2026 00:29:33 +0000"


    Block Number: 16
    Block Hash: 0x22a78112bc72b9c5900ab8bb246628bf0965dae20c67cf0975482f1aa78f66b6
    Block Time: "Tue, 17 Feb 2026 00:29:34 +0000"


    Block Number: 17
    Block Hash: 0x9ae780960d747fff468fb06ed8a0c471809325299ba1ecfd678c608ee4f7428c
    Block Time: "Tue, 17 Feb 2026 00:29:35 +0000"

eth_chainId

    Block Number: 18
    Block Hash: 0xbe343595ed97de25b70a426d2d555441d06d0ea793aa6260b522fb146c281412
    Block Time: "Tue, 17 Feb 2026 00:29:36 +0000"

eth_getTransactionCount
eth_getCode
eth_gasPrice
eth_getBlockByNumber
eth_chainId
eth_gasPrice
eth_chainId
eth_getBlockByNumber
eth_getTransactionCount
eth_getBalance
eth_getCode
eth_getAccountInfo
eth_getAccount
eth_getCode
eth_getTransactionCount
eth_getBalance
eth_getCode
eth_getTransactionCount
eth_getCode
eth_getBalance
eth_getCode
eth_getBalance
eth_getTransactionCount
eth_getTransactionCount
eth_getBalance
eth_getCode
eth_getTransactionCount
eth_getBalance
eth_getCode
eth_getTransactionCount
eth_getCode
eth_getBalance
eth_getTransactionCount
eth_getCode
eth_getBalance
eth_getTransactionCount
eth_getBalance
eth_getCode
eth_getTransactionCount
eth_getCode
eth_getBalance
eth_chainId
eth_chainId
eth_gasPrice
eth_getBlockByNumber
eth_chainId
eth_chainId
eth_feeHistory
eth_feeHistory
eth_sendRawTransaction
eth_sendRawTransaction
eth_sendRawTransaction
eth_sendRawTransaction
eth_getTransactionReceipt
eth_getTransactionReceipt
eth_getTransactionReceipt
eth_getTransactionReceipt
eth_blockNumber
eth_getBlockByNumber
eth_getBlockByNumber
eth_getTransactionReceipt
eth_getTransactionReceipt
eth_getTransactionReceipt
eth_getTransactionReceipt
eth_getTransactionReceipt
eth_blockNumber
eth_getTransactionReceipt
eth_getTransactionReceipt
eth_getTransactionReceipt

    Transaction: 0xfe71351acce7319be3a59fa451773955ddde290d186d9a1255ddde864b1d35f3
    Contract created: 0x5FbDB2315678afecb367f032d93F642f64180aa3
    Gas used: 344755

    Transaction: 0xecd79d0ececfc676aacc20db5abed7acb67775d7520599342e34ec92b323ffc5
    Contract created: 0xe7f1725E7734CE288F8367e1Bb143E90bb3F0512
    Gas used: 2676238

    Transaction: 0xa6313f91d6043d4e6f945306a00d92c97c042e86228e52e75477e8bf62061c30
    Contract created: 0x9fE46736679d2D9a65F0992F2272dE9f3c7fa6e0
    Gas used: 3526989

    Transaction: 0x572ff7357280dbd2f41e8a90d01fbd4346d8faf78afdcc1acb7c7e728423b44e
    Contract created: 0xCf7Ed3AccA5a467e9e704C703E8D87F634fB0Fc9
    Gas used: 4665820

    Block Number: 19
    Block Hash: 0xa5fe6e3c985f2bafefc40e7a3b7d4cb35be86cdc6304c75db0b7df945d3fe513
    Block Time: "Tue, 17 Feb 2026 00:29:37 +0000"

eth_getTransactionReceipt
eth_getTransactionReceipt
eth_getTransactionReceipt
eth_getTransactionReceipt
eth_blockNumber
eth_getBlockByNumber
eth_getBalance
eth_chainId
eth_getTransactionCount
eth_feeHistory
eth_estimateGas
eth_sendRawTransaction
eth_getTransactionReceipt
eth_getTransactionReceipt
eth_blockNumber
eth_getTransactionReceipt
eth_getBlockByNumber
eth_getBlockByNumber
eth_getTransactionReceipt
eth_blockNumber
eth_getTransactionReceipt
eth_blockNumber

    Transaction: 0xda172d36d5985c838541901fc1e4b0818bec216e48189ee79585cc1c94e1600b
    Gas used: 21000

    Block Number: 20
    Block Hash: 0xd77429177976ef84e970397de34471690779986e310730ba70ff4914b03a3b43
    Block Time: "Tue, 17 Feb 2026 00:29:38 +0000"

eth_getTransactionReceipt
eth_chainId
eth_getTransactionCount
eth_feeHistory
eth_estimateGas
eth_sendRawTransaction
eth_getTransactionReceipt
eth_getTransactionReceipt
eth_blockNumber
eth_getBlockByNumber
eth_getTransactionReceipt
eth_getBlockByNumber
eth_blockNumber
eth_getTransactionReceipt
eth_getTransactionReceipt
eth_blockNumber
eth_getTransactionReceipt
eth_blockNumber

    Transaction: 0x4c1ee9f9a72b47e3e71023d7e868235f3b4dbc4eb05ca6dd4080bc3607da2fa7
    Gas used: 68083

    Block Number: 21
    Block Hash: 0xbe2caf46ac489dd8c4da4d7f4181cf334604dd3a10fbd3bb87352e51567fc05c
    Block Time: "Tue, 17 Feb 2026 00:29:39 +0000"

eth_getTransactionReceipt

    Block Number: 22
    Block Hash: 0x6e3014fe401e120e3e4f48f3e86d87ebc62b0cfa0f10a84abf1b2568487fc1cf
    Block Time: "Tue, 17 Feb 2026 00:29:40 +0000"


    Block Number: 23
    Block Hash: 0x9b2d4bea0f6259c9f3b1a3a91fa3a60576fa44b861015a07dbaf1b05b0ea1700
    Block Time: "Tue, 17 Feb 2026 00:29:41 +0000"


    Block Number: 24
    Block Hash: 0xc4279fa40c39a81604a9c227829f276c077d3f255a7a94f6705a58a0d03c85a6
    Block Time: "Tue, 17 Feb 2026 00:29:42 +0000"


    Block Number: 25
    Block Hash: 0x5c46fafc7f910e797871bfbac5bc13ae39a08ff0d75e35efcfe98c95bbe8012e
    Block Time: "Tue, 17 Feb 2026 00:29:43 +0000"


    Block Number: 26
    Block Hash: 0x518fb3e4e0af15368d79fde7db74d1cd9fccb0bd130ec176e32e23440718c397
    Block Time: "Tue, 17 Feb 2026 00:29:44 +0000"


    Block Number: 27
    Block Hash: 0x175f56eccb625bf32ac4c6aefdac8bc5861662a8c4d9bcd3e5c7039cf0766e43
    Block Time: "Tue, 17 Feb 2026 00:29:45 +0000"


    Block Number: 28
    Block Hash: 0xca71ca32e85a376ad77a73b5d294325eab56888c32a648e04662e02cbdc6dc61
    Block Time: "Tue, 17 Feb 2026 00:29:46 +0000"


    Block Number: 29
    Block Hash: 0xf6b27d89373b86fa6ad57ee14a263df8ce0828cedc5b8637067406c3e987b8d9
    Block Time: "Tue, 17 Feb 2026 00:29:47 +0000"

eth_chainId
eth_getTransactionCount
eth_feeHistory
eth_estimateGas
eth_sendRawTransaction
eth_getTransactionReceipt
eth_getTransactionReceipt
eth_blockNumber
eth_getBlockByNumber
eth_getTransactionReceipt
eth_getBlockByNumber
eth_blockNumber
eth_getTransactionReceipt

    Transaction: 0x460e13acb06c76b8644187d5d55bc62e6d226fc0505e28dd6de43ad2a0dcbbca
    Gas used: 21000

    Block Number: 30
    Block Hash: 0xab48a414602857f95d91f05d8b8d6779f00f4552cd56573554dbe98fbd2c8844
    Block Time: "Tue, 17 Feb 2026 00:29:48 +0000"

eth_getTransactionReceipt

    Block Number: 31
    Block Hash: 0x00bd22fa74130c233e00a50166a34561f6abc635859fceb5b140aaf22df4ae4a
    Block Time: "Tue, 17 Feb 2026 00:29:49 +0000"


    Block Number: 32
    Block Hash: 0x94898e53129c8f6fd730e773418b60dc7c658e887706a6436fc6c9e398b59703
    Block Time: "Tue, 17 Feb 2026 00:29:50 +0000"


    Block Number: 33
    Block Hash: 0xf338bd98e7d9b052210fc42c07b08c1624721b2ccfe4dfb336fc202834ac08ed
    Block Time: "Tue, 17 Feb 2026 00:29:51 +0000"


    Block Number: 34
    Block Hash: 0xe667ccf158919421d99b32915bf3b33c56245bcd260b2ee112a8d09d248cb3f3
    Block Time: "Tue, 17 Feb 2026 00:29:52 +0000"


    Block Number: 35
    Block Hash: 0x79fd0a857cc9c0501455fb21ebcdc7c113d07b275a324aa5a0c84831c56fb696
    Block Time: "Tue, 17 Feb 2026 00:29:53 +0000"


    Block Number: 36
    Block Hash: 0x97f3c93ebd445f3d783591543a048eba28ea0d66e09d672badaf63335bc4ac7c
    Block Time: "Tue, 17 Feb 2026 00:29:54 +0000"


    Block Number: 37
    Block Hash: 0x0ace43ab36021f0bbdc5b3e89f9555de8542049602ea0001cb04deae28bdf91e
    Block Time: "Tue, 17 Feb 2026 00:29:55 +0000"


    Block Number: 38
    Block Hash: 0x623afe95c8010b68687da5ab23674797f45ee3cb99b2c19dc227bbf4d60ca999
    Block Time: "Tue, 17 Feb 2026 00:29:56 +0000"


    Block Number: 39
    Block Hash: 0xce278602fd359090e4b52c5ca36bed8e6db66e1c022b099b3ba75efe244b5348
    Block Time: "Tue, 17 Feb 2026 00:29:57 +0000"


    Block Number: 40
    Block Hash: 0xef73dc39499a90a7aea1c887e2b09fb515db1857cb4fd2d6fd878385670beb71
    Block Time: "Tue, 17 Feb 2026 00:29:58 +0000"


    Block Number: 41
    Block Hash: 0x5f259e6ebe18da725a9399efd0d998b44b49f6bdb84acad9acd9ce7bde121799
    Block Time: "Tue, 17 Feb 2026 00:29:59 +0000"


    Block Number: 42
    Block Hash: 0xa23a0e736b03e5067b7f2155d6c44fd3ee69e189fe0255946b565b611f7149eb
    Block Time: "Tue, 17 Feb 2026 00:30:00 +0000"


    Block Number: 43
    Block Hash: 0xeb1e7a8f79a3ea87e37c41309588c7f64efd817461a65fe48cef98e3da79cdc5
    Block Time: "Tue, 17 Feb 2026 00:30:01 +0000"

eth_chainId
eth_getTransactionCount
eth_feeHistory
eth_estimateGas
eth_sendRawTransaction
eth_getTransactionReceipt
eth_getTransactionReceipt
eth_blockNumber
eth_getBlockByNumber
eth_getBlockByNumber
eth_getTransactionReceipt
eth_getTransactionReceipt
eth_blockNumber
eth_blockNumber
eth_getTransactionReceipt

    Transaction: 0xaa31fd832f12cdd2836c746bd851812ed5ca33c95f6ab17cceacbd9f9d27bfd9
    Gas used: 50983

    Block Number: 44
    Block Hash: 0x05cbc6a0507fa20f23a0ae3b7635f20a129aee3d5176088c79ba5b98f68ffded
    Block Time: "Tue, 17 Feb 2026 00:30:02 +0000"

eth_getTransactionReceipt

    Block Number: 45
    Block Hash: 0x2e299704a3dd3368e1b9c9611cb97d27835411928f55aadda5c8326ebc19a6ed
    Block Time: "Tue, 17 Feb 2026 00:30:03 +0000"


    Block Number: 46
    Block Hash: 0x8dc89d3e832123cf59fe0cb8d76dd7be42a3e57a1e078ce832b0737137a76058
    Block Time: "Tue, 17 Feb 2026 00:30:04 +0000"


    Block Number: 47
    Block Hash: 0x90485569ecdf6cef0eaa6105ba969d1b5c0f82f6c07829cf674885840c8c6244
    Block Time: "Tue, 17 Feb 2026 00:30:05 +0000"


    Block Number: 48
    Block Hash: 0xfce2075d112ad544bf3ce96b55a0cbf6c38909c70dcc2ba290246450cd442425
    Block Time: "Tue, 17 Feb 2026 00:30:06 +0000"


    Block Number: 49
    Block Hash: 0xf1f9422f09851b864ab63fd8731de24756a2e0a9b9b852515515e5fbc496a55e
    Block Time: "Tue, 17 Feb 2026 00:30:07 +0000"


    Block Number: 50
    Block Hash: 0xf5251f11b9198376c9cb735f3023d29d8d44cac13ba44510b2c0878403fdf369
    Block Time: "Tue, 17 Feb 2026 00:30:08 +0000"


    Block Number: 51
    Block Hash: 0x3976790397f94d7c3024280a2fd49bdbd0024b5e16227ebdf3c8753b401e05a8
    Block Time: "Tue, 17 Feb 2026 00:30:09 +0000"


    Block Number: 52
    Block Hash: 0x931fdfda382975a9888221ba175d93692add105b49c50bf8d7efc5037d498363
    Block Time: "Tue, 17 Feb 2026 00:30:10 +0000"


    Block Number: 53
    Block Hash: 0xdf18cd6711935731c543ff490e49801d8c95e5f380cc08b4f34d563e72881bad
    Block Time: "Tue, 17 Feb 2026 00:30:11 +0000"


    Block Number: 54
    Block Hash: 0x3597db392df607fda75be9939bc103faf2b2cab1ba284bf7e1c3afcbb9e1e91d
    Block Time: "Tue, 17 Feb 2026 00:30:12 +0000"


    Block Number: 55
    Block Hash: 0xbbd8f22fd41ec2dbf90de183dbb91e8915933f7d19aa3e3d55a19b643f92c51d
    Block Time: "Tue, 17 Feb 2026 00:30:13 +0000"


    Block Number: 56
    Block Hash: 0xdf00e5bf5997be93f0955d5d815df7c4ba1179fe6c8a51366b25095da8dea016
    Block Time: "Tue, 17 Feb 2026 00:30:14 +0000"


    Block Number: 57
    Block Hash: 0x73e136bd6d61f26f4ff3b869b0f861fb6afe8f54a7f30a1735d08ae17762c74e
    Block Time: "Tue, 17 Feb 2026 00:30:15 +0000"


    Block Number: 58
    Block Hash: 0xf644052bf1bf3402467e15b4ab8cd1821ac407840a0de55f8448db94efb50ae6
    Block Time: "Tue, 17 Feb 2026 00:30:16 +0000"


    Block Number: 59
    Block Hash: 0x605b4d8e2f6a35d0e0d51d7e1711bc57d34cdb6fcbc3fd73277ca08019ec2bd3
    Block Time: "Tue, 17 Feb 2026 00:30:17 +0000"


    Block Number: 60
    Block Hash: 0x530949de7d6cf29bdfee70680a70997c436685c833d7d2966b1a70dede822986
    Block Time: "Tue, 17 Feb 2026 00:30:18 +0000"


    Block Number: 61
    Block Hash: 0xbfd7710be62fa78eeca6de4894c98579680e2d443a7aeab838d77d4540a132d5
    Block Time: "Tue, 17 Feb 2026 00:30:19 +0000"


    Block Number: 62
    Block Hash: 0x9db6cee5ec746f860b844dbc97da0014547f7987583c81caaad963b6348f4b79
    Block Time: "Tue, 17 Feb 2026 00:30:20 +0000"


    Block Number: 63
    Block Hash: 0x8109bc6c1297ae99a308311e79144c326e73b03db0ed7ee77451bce37a7aa93c
    Block Time: "Tue, 17 Feb 2026 00:30:21 +0000"


    Block Number: 64
    Block Hash: 0xad6fd9c622af67e1345af68a11b04b5d7874938001f12e4e30dbfb181e7735b3
    Block Time: "Tue, 17 Feb 2026 00:30:22 +0000"


    Block Number: 65
    Block Hash: 0xb113c4b95a7395fbb0a5fccd0f83a5491fc9620e485eba324dbd551480e61a51
    Block Time: "Tue, 17 Feb 2026 00:30:23 +0000"


    Block Number: 66
    Block Hash: 0x3b59458797b710d298fb95406bd7350c5a49e388dd33a934b754dc7ace4a46ab
    Block Time: "Tue, 17 Feb 2026 00:30:24 +0000"


    Block Number: 67
    Block Hash: 0x08ce0f4a3e3fc357748379f4608183da6c603fc6130854f65a76d0fe58d0a034
    Block Time: "Tue, 17 Feb 2026 00:30:25 +0000"


    Block Number: 68
    Block Hash: 0xe50925fd91c3e7d9f3c0b6a9fed64bf854a3f061ba2c7b65c4602e67d69bfb06
    Block Time: "Tue, 17 Feb 2026 00:30:26 +0000"


    Block Number: 69
    Block Hash: 0xa1b448f06eee11b1fa1e2cc8015acd7c56fabffe7bbb40ece5b3b4ad4f1bdc9c
    Block Time: "Tue, 17 Feb 2026 00:30:27 +0000"


    Block Number: 70
    Block Hash: 0xd7ceb5e1eb54b17c5652df2f899678802119f01e1d98bf95e1e207289d1650fc
    Block Time: "Tue, 17 Feb 2026 00:30:28 +0000"


    Block Number: 71
    Block Hash: 0xc9a9fb02a7528fb9a9e503a0fef158cbdcbf1dae5cd73c4220ad43b1ef0ca5ba
    Block Time: "Tue, 17 Feb 2026 00:30:29 +0000"


    Block Number: 72
    Block Hash: 0x31806d53f2a9a0537c8bf60ccd4425938f84c609de03595c37e91efe0eaa8cc6
    Block Time: "Tue, 17 Feb 2026 00:30:30 +0000"


    Block Number: 73
    Block Hash: 0x97e075e58215409ec247a8bfdf912e21892c86368bc7fa4be90067c90012b42b
    Block Time: "Tue, 17 Feb 2026 00:30:31 +0000"


    Block Number: 74
    Block Hash: 0x76a8f8e87bfd51e607bc628908320df38db1c8733e9c58730398c35dc16c5bf2
    Block Time: "Tue, 17 Feb 2026 00:30:32 +0000"


    Block Number: 75
    Block Hash: 0x957ae6be510db915075fcb7a7c8ee2a88a2dcac6e44b49ac604dad22cd30da4b
    Block Time: "Tue, 17 Feb 2026 00:30:33 +0000"


    Block Number: 76
    Block Hash: 0xa25f50fe4b6fa7e58788d2f7dbf3bcf220fb4e72ec738262ee15a7be9cdf72f1
    Block Time: "Tue, 17 Feb 2026 00:30:34 +0000"


    Block Number: 77
    Block Hash: 0xb463eb41857db0305e9166e82720215fe4a75400ad079cfc741cb877b8f9caee
    Block Time: "Tue, 17 Feb 2026 00:30:35 +0000"


    Block Number: 78
    Block Hash: 0xa649e19c0fd568584b90e3c17074d55d61a4d5d64dbe5ed2e353c22c78bcd0c0
    Block Time: "Tue, 17 Feb 2026 00:30:36 +0000"


    Block Number: 79
    Block Hash: 0xaa618b5e165390eedd535df8b2fe1ad878058bd5727b5eefa5322fec6af2daff
    Block Time: "Tue, 17 Feb 2026 00:30:37 +0000"


    Block Number: 80
    Block Hash: 0xd1c34d5514e7f95b1bef75a243dacc292d0121fb4f2539782daf638474a7cd84
    Block Time: "Tue, 17 Feb 2026 00:30:38 +0000"


    Block Number: 81
    Block Hash: 0xff5128158610766b2c455cdb4377a553978dc0d6059e867d537c5f47f01955db
    Block Time: "Tue, 17 Feb 2026 00:30:39 +0000"


    Block Number: 82
    Block Hash: 0x67d8d0828fddd2fcabd550968aebc8869372b96bbc2e35ddea49ea6557a6983c
    Block Time: "Tue, 17 Feb 2026 00:30:40 +0000"

eth_blockNumber
eth_call
eth_feeHistory
eth_getTransactionCount
eth_getTransactionCount
eth_feeHistory
eth_sendRawTransaction
eth_call
eth_feeHistory
eth_feeHistory
eth_getTransactionCount
eth_sendRawTransaction

    Transaction: 0x65cbe72bdc0f217e25cfe2a69be84ed1ae9c93dd541d6b8152e7a71ee5486575
    Gas used: 46269

    Transaction: 0xfde35233b2ff74a52ab24b1b2590369c70c44bade548c4d78c4a0d8b8540dab0
    Gas used: 92538

    Block Number: 83
    Block Hash: 0xd16f9a5bb51b3810f844527490ac812fc90b70be67cf4cd737d55c0e40f2a655
    Block Time: "Tue, 17 Feb 2026 00:30:41 +0000"


    Block Number: 84
    Block Hash: 0xc19e1d3b4581fe78f2dc684945f38530b230c9a75ec25e27741ee43997143ea8
    Block Time: "Tue, 17 Feb 2026 00:30:42 +0000"


    Block Number: 85
    Block Hash: 0x2510d909fbfb57e3da6e5b381a4417e8de3e63a26b2ed735c29e8c449145bc89
    Block Time: "Tue, 17 Feb 2026 00:30:43 +0000"


    Block Number: 86
    Block Hash: 0xcbcd16bb89f9232366597c6c6447a87d1476cf4b0c23e6519837b80122faa49b
    Block Time: "Tue, 17 Feb 2026 00:30:44 +0000"


    Block Number: 87
    Block Hash: 0xf72fac8e3d24ce641fa9b4b8d3599b4768d4d91636851329bd94b00f75bdf4d1
    Block Time: "Tue, 17 Feb 2026 00:30:45 +0000"

eth_blockNumber

    Block Number: 88
    Block Hash: 0x6dae8978ff33cc1c7627ea36c5844b452d23d23fa021b3cd851026f1ea9a58e2
    Block Time: "Tue, 17 Feb 2026 00:30:46 +0000"

eth_call
eth_call
eth_call

    Block Number: 89
    Block Hash: 0xe5f6e45045bcaa3a15f9e14dffd07c93959ea3f6276ce4514f3965ecef5bda74
    Block Time: "Tue, 17 Feb 2026 00:30:47 +0000"


    Block Number: 90
    Block Hash: 0x8fd2b79f5b8e5460c6c4e329dc34b7512d11dd267b915162c3c5bb7d787bc461
    Block Time: "Tue, 17 Feb 2026 00:30:48 +0000"

eth_blockNumber
eth_getLogs

    Block Number: 91
    Block Hash: 0x0e3baa9f0820712bcf3514f37f060056a1f0f7638dc6f97a66c2e6562aed8eb5
    Block Time: "Tue, 17 Feb 2026 00:30:49 +0000"


    Block Number: 92
    Block Hash: 0xcec871d2518098f73d97b86a0ebb0b5ec2a84483422f81c38a4b5c2e1529bf63
    Block Time: "Tue, 17 Feb 2026 00:30:50 +0000"

eth_blockNumber
eth_getLogs

    Block Number: 93
    Block Hash: 0x4673815ee9903b99c51e127d1ead6f3a02b022b8dae6198388e1bb7b15258d0e
    Block Time: "Tue, 17 Feb 2026 00:30:51 +0000"


    Block Number: 94
    Block Hash: 0x2c135bbe40dea3b8439af2acfd581ad1b176d51203530ef9e05d54aae5c228c1
    Block Time: "Tue, 17 Feb 2026 00:30:52 +0000"

eth_blockNumber
eth_getLogs

    Block Number: 95
    Block Hash: 0xc1bec91bb0fa8464d96c2fbc1f3319a7c726bda223de1b577b132093738624d3
    Block Time: "Tue, 17 Feb 2026 00:30:53 +0000"


    Block Number: 96
    Block Hash: 0xef7b2a91bc7000baf77dbbbe8af8aa164909d6b1a01a1f6701a887563c813145
    Block Time: "Tue, 17 Feb 2026 00:30:54 +0000"

eth_blockNumber
eth_getLogs

    Block Number: 97
    Block Hash: 0xb52a55de0e13d7906e38404f379cd246ea47a334f94be53a7208a68d64ce3d80
    Block Time: "Tue, 17 Feb 2026 00:30:55 +0000"


    Block Number: 98
    Block Hash: 0x6a5d2c540de95431efec3acecede832945a5f533a367c4e64d887b82721ec8e7
    Block Time: "Tue, 17 Feb 2026 00:30:56 +0000"

eth_blockNumber
eth_getLogs

    Block Number: 99
    Block Hash: 0x3d7dee928611dd492e8c1b7d2bb7ad6926121a318ae7b1ab05dbf9fddb61a9eb
    Block Time: "Tue, 17 Feb 2026 00:30:57 +0000"


    Block Number: 100
    Block Hash: 0xb5dd3bee21a29f18e561eebbadf61089a5c41814ef64b4199ba619d18286823f
    Block Time: "Tue, 17 Feb 2026 00:30:58 +0000"

eth_blockNumber
eth_getLogs

    Block Number: 101
    Block Hash: 0x09a08d209efafe61872c9153fc766a4c8231fbd08f09997633c3054b8fdaba36
    Block Time: "Tue, 17 Feb 2026 00:30:59 +0000"


    Block Number: 102
    Block Hash: 0x07521fd33787de5f4c04cc5989e198fb9e73b3737cb98ae02cc795de0b5a5e22
    Block Time: "Tue, 17 Feb 2026 00:31:00 +0000"

eth_blockNumber
eth_getLogs

    Block Number: 103
    Block Hash: 0xeffeba61aa5c637315ec7acc4cd6163015c3b869f0ab2a422f7e320193393a5f
    Block Time: "Tue, 17 Feb 2026 00:31:01 +0000"


    Block Number: 104
    Block Hash: 0x26e5455fdacfb4e42514baf5d4c334278c6b10a15f6efa83641587662be7890e
    Block Time: "Tue, 17 Feb 2026 00:31:02 +0000"

eth_blockNumber
eth_getLogs

    Block Number: 105
    Block Hash: 0x45437263e95f02cbf7919300752a2e05b3a003457db82767bebc6482d9ee2030
    Block Time: "Tue, 17 Feb 2026 00:31:03 +0000"


    Block Number: 106
    Block Hash: 0x09a72f04214292d91ffd463589f6b69ed5257403ab41d2d145529f964aab5085
    Block Time: "Tue, 17 Feb 2026 00:31:04 +0000"

eth_blockNumber
eth_getLogs

    Block Number: 107
    Block Hash: 0x4fd50e0a64e5040a2b9ce1f010ac616e107150f7d1a24788ea0fa3b04a10ee2e
    Block Time: "Tue, 17 Feb 2026 00:31:05 +0000"


    Block Number: 108
    Block Hash: 0x475461951cb829da438c5c6e09775f6efcc6935d7e00937238055c82b2ab618b
    Block Time: "Tue, 17 Feb 2026 00:31:06 +0000"

eth_blockNumber
eth_getLogs

    Block Number: 109
    Block Hash: 0x3f0150fde6a4d636ab907b3ddccf8c67760273d7a0d578f0eaf4dcaa8fea1244
    Block Time: "Tue, 17 Feb 2026 00:31:07 +0000"


    Block Number: 110
    Block Hash: 0x85794ac5efd5f2a1dfb373517819ca7fc93fcf82ad652050b44d424b7792576e
    Block Time: "Tue, 17 Feb 2026 00:31:08 +0000"

eth_blockNumber
eth_getLogs

    Block Number: 111
    Block Hash: 0xbbebd25f5c7e8f630a027d166768a98f689031c59d6482552b87f75801378707
    Block Time: "Tue, 17 Feb 2026 00:31:09 +0000"


    Block Number: 112
    Block Hash: 0xc78c5880c6c6ce2b0506534c5a03e7b145ef064d33ef6826cd964894fa60af95
    Block Time: "Tue, 17 Feb 2026 00:31:10 +0000"

eth_blockNumber
eth_getLogs

    Block Number: 113
    Block Hash: 0xb71cc8dffed8fbf8d024e570744654670caa8b535a70ceb5f6a66a005c3a8531
    Block Time: "Tue, 17 Feb 2026 00:31:11 +0000"


    Block Number: 114
    Block Hash: 0x9b783ea74130cc1aae476666f839b75bcd5a38a63d2308a056c96892fb633377
    Block Time: "Tue, 17 Feb 2026 00:31:12 +0000"

eth_blockNumber
eth_getLogs

    Block Number: 115
    Block Hash: 0xc2a2dbc49a9f106deaf6df4f8c6d4f2f448376fd9b729864327a0f3d67e968cc
    Block Time: "Tue, 17 Feb 2026 00:31:13 +0000"


    Block Number: 116
    Block Hash: 0xafa4c09fdff6f21bea4fc88556d8ca35ae25087b768536ec3f64a6bde4b95874
    Block Time: "Tue, 17 Feb 2026 00:31:14 +0000"

eth_blockNumber
eth_getLogs

    Block Number: 117
    Block Hash: 0xb146c775c3d7fb9be0d3ee766214e20fcb3a79da1aa4cec212c52d7128d95ab7
    Block Time: "Tue, 17 Feb 2026 00:31:15 +0000"


    Block Number: 118
    Block Hash: 0xa6f7d1ddd325399cf33b1cccb05e458ac6fe3501758818b11c503fae5e5b319c
    Block Time: "Tue, 17 Feb 2026 00:31:16 +0000"

eth_blockNumber
eth_getLogs

    Block Number: 119
    Block Hash: 0x6a1237efa7ac721df64664675121219e2ee6240af003d8b710c1387980db85c3
    Block Time: "Tue, 17 Feb 2026 00:31:17 +0000"


    Block Number: 120
    Block Hash: 0xe884c74cee233ec25b0195170c45a590b2adc71683bf000f4aab30e5005daef8
    Block Time: "Tue, 17 Feb 2026 00:31:18 +0000"

eth_blockNumber
eth_getLogs

    Block Number: 121
    Block Hash: 0x4e4c167b061d95770346e5cf70ed7b64b9df82927c37846c6462100999231b4d
    Block Time: "Tue, 17 Feb 2026 00:31:19 +0000"


    Block Number: 122
    Block Hash: 0x00703c886bcab157d0fba4448120e56f3f59a3d9667e4645e9a7b797c6fddbb2
    Block Time: "Tue, 17 Feb 2026 00:31:20 +0000"

eth_blockNumber
eth_getLogs

    Block Number: 123
    Block Hash: 0x3ca154a78ff16c5667a3ea59a21e837ca763b6d94f59076c93618cb819411af3
    Block Time: "Tue, 17 Feb 2026 00:31:21 +0000"


    Block Number: 124
    Block Hash: 0x0f33a8c9e55db1aa4b99611f1bc2b06233e40ec34039dfdc7eb25884cea0d2b4
    Block Time: "Tue, 17 Feb 2026 00:31:22 +0000"

eth_blockNumber
eth_getLogs

    Block Number: 125
    Block Hash: 0x6fe0a08800e3e27cf37057d188d1024f95117b1c750d6a28dd25c9ba0627662a
    Block Time: "Tue, 17 Feb 2026 00:31:23 +0000"


    Block Number: 126
    Block Hash: 0xf41402d028bdb13af0be99971250c55f42d1b9da3f6475a721cabe6e1297f7f2
    Block Time: "Tue, 17 Feb 2026 00:31:24 +0000"

eth_blockNumber
eth_getLogs

    Block Number: 127
    Block Hash: 0x7b34d9d2696ca6eab3a76fbbe78b579efdfd20af8ebfde80503d54910bbb2269
    Block Time: "Tue, 17 Feb 2026 00:31:25 +0000"


    Block Number: 128
    Block Hash: 0x34673deee6c1a6dda5d914cc4f054089a365ff8f75e65de2a6ac5fde8822dcfc
    Block Time: "Tue, 17 Feb 2026 00:31:26 +0000"

eth_blockNumber
eth_getLogs

    Block Number: 129
    Block Hash: 0x8e0a98b5f0aa292abd22b9a627e89bbd0ded631a5f75342317f14305c5cc823a
    Block Time: "Tue, 17 Feb 2026 00:31:27 +0000"


    Block Number: 130
    Block Hash: 0xf50800665770c7ea9a793011b2ace9a269da7870dcb2a19c1e2e6a412f80e531
    Block Time: "Tue, 17 Feb 2026 00:31:28 +0000"

eth_blockNumber
eth_getLogs

    Block Number: 131
    Block Hash: 0x1ba7e0c9d1234265e89863c6c71161c58fd045d3083fb1237071ace22cb68e9b
    Block Time: "Tue, 17 Feb 2026 00:31:29 +0000"


    Block Number: 132
    Block Hash: 0x902695a23d0e45af1096ed36ef0797813e849a2a7c9e5fdf696cec5bb861ab24
    Block Time: "Tue, 17 Feb 2026 00:31:30 +0000"

eth_blockNumber
eth_getLogs

    Block Number: 133
    Block Hash: 0xc1abc924aa536018c30ab44e59a247225f58a4e867d7570ac93230f52b8d14ee
    Block Time: "Tue, 17 Feb 2026 00:31:31 +0000"


    Block Number: 134
    Block Hash: 0x96d1b683bdd61e105828768b64bf5bd044ace74d107eb9faf79cea176608320c
    Block Time: "Tue, 17 Feb 2026 00:31:32 +0000"

eth_blockNumber
eth_getLogs

    Block Number: 135
    Block Hash: 0xed9672bce0127ff77bc3a18b64cc48837cefda9dd1b1392546ca5e59a3c99291
    Block Time: "Tue, 17 Feb 2026 00:31:33 +0000"


    Block Number: 136
    Block Hash: 0x5ba7e2f1774e5889522b4b6458d07fec82d45c843f1cb1452fc095b16ab69215
    Block Time: "Tue, 17 Feb 2026 00:31:34 +0000"

eth_blockNumber
eth_getLogs

    Block Number: 137
    Block Hash: 0x37419fff9197221339316e30094220cf4fac7b35ea745caa2f6d4e8ced7b7ae8
    Block Time: "Tue, 17 Feb 2026 00:31:35 +0000"


    Block Number: 138
    Block Hash: 0xf17b28008cd0852221e9615dd03705dcac29055e906084e23813c036d0852ebb
    Block Time: "Tue, 17 Feb 2026 00:31:36 +0000"

eth_blockNumber
eth_getLogs

    Block Number: 139
    Block Hash: 0x3525d0ad8c01c98222274b9f12476fdf36e1de444693af1f08da58eeebc7ab5b
    Block Time: "Tue, 17 Feb 2026 00:31:37 +0000"


    Block Number: 140
    Block Hash: 0x334ff8a51ef88105bd83c855eef282a798742d186fdec3289ffeb8bfb7b3c878
    Block Time: "Tue, 17 Feb 2026 00:31:38 +0000"

eth_blockNumber
eth_getLogs

    Block Number: 141
    Block Hash: 0xa9654ec0d34e918fa85352c9836cabdb5b7c32e7fd282b808052577bff962c10
    Block Time: "Tue, 17 Feb 2026 00:31:39 +0000"


    Block Number: 142
    Block Hash: 0xac36366b9b48fa539da1a269934d2505d609ba3ec03acc518aff2a44544302c0
    Block Time: "Tue, 17 Feb 2026 00:31:40 +0000"

eth_blockNumber
eth_getLogs

    Block Number: 143
    Block Hash: 0x443b48d6c3e85bb4ba014f2ca9a8f7fd1353a6612329a9096b8e12b5089f52f9
    Block Time: "Tue, 17 Feb 2026 00:31:41 +0000"


    Block Number: 144
    Block Hash: 0xb2c5dd58bad8f79a8c80d22bfe36e518bdbfbf8bb5df6b8a81ab66c6cd2f56c6
    Block Time: "Tue, 17 Feb 2026 00:31:42 +0000"

eth_blockNumber
eth_getLogs

    Block Number: 145
    Block Hash: 0x14e955ca9962e7c0da7e7b10cd2fb74dfcfea0eac07ed212dce0023cd6ee9ad1
    Block Time: "Tue, 17 Feb 2026 00:31:43 +0000"


    Block Number: 146
    Block Hash: 0x79e73c2f824c15d26e673ea9bb671de12b0fb2fc6b45228b274185b316fac4cd
    Block Time: "Tue, 17 Feb 2026 00:31:44 +0000"

eth_blockNumber
eth_getLogs

    Block Number: 147
    Block Hash: 0xa4a966250071dfcbdb50e6a153bb25ae2ac0d3996d3c8be53ac09b693dc0b259
    Block Time: "Tue, 17 Feb 2026 00:31:45 +0000"


    Block Number: 148
    Block Hash: 0xa61cf4693a6a3b75f081463244b3de7d6750ed7091b12852a22981543ec1c8c6
    Block Time: "Tue, 17 Feb 2026 00:31:46 +0000"

eth_blockNumber
eth_getLogs

    Block Number: 149
    Block Hash: 0x04f4cab6fccd7bf1397f5125798d81a577063440d1181eccb682552aae7ff250
    Block Time: "Tue, 17 Feb 2026 00:31:47 +0000"


    Block Number: 150
    Block Hash: 0x6988fbdcf7ff8fb875d25ea76c41db7858c3719cb9c86aab46c8fdb2c4a5c1ea
    Block Time: "Tue, 17 Feb 2026 00:31:48 +0000"

eth_blockNumber
eth_getLogs

    Block Number: 151
    Block Hash: 0xdca26ebfd41c1cf918c4655dceec6a3b2420ae0a07b2cebed27c62f7b03dcc98
    Block Time: "Tue, 17 Feb 2026 00:31:49 +0000"


    Block Number: 152
    Block Hash: 0xdb2d74839d7c943f75c815378fcd3f7f815844fc3fe237e4290c004000481d26
    Block Time: "Tue, 17 Feb 2026 00:31:50 +0000"

eth_blockNumber
eth_getLogs

    Block Number: 153
    Block Hash: 0x049e21e7323cc873b85f44461ad86048cbf7248860c05b99fac3ef0638704d6b
    Block Time: "Tue, 17 Feb 2026 00:31:51 +0000"


    Block Number: 154
    Block Hash: 0x51e3e2669ddf7adf3fd6fa8301a4de4ae4e4bec71232bba87a63841991cc7358
    Block Time: "Tue, 17 Feb 2026 00:31:52 +0000"

eth_blockNumber
eth_getLogs

    Block Number: 155
    Block Hash: 0x71dd3a461663c388a233cb024f15504cd5cafadb1417f32b2e7d873396e8cbdb
    Block Time: "Tue, 17 Feb 2026 00:31:53 +0000"


    Block Number: 156
    Block Hash: 0xac345ea62f2684acb327815841c9cf49e9d5dc9461ba427bb8c03bdcd2a136b9
    Block Time: "Tue, 17 Feb 2026 00:31:54 +0000"

eth_blockNumber
eth_getLogs

    Block Number: 157
    Block Hash: 0xcc8decbb07a7e08cb8b785e765a358bebbe5d3f9603caf9713fc9ba5003fa0eb
    Block Time: "Tue, 17 Feb 2026 00:31:55 +0000"


    Block Number: 158
    Block Hash: 0x0108f8793f4442aa1cff1a5504121a43ea0ac79d10164872c9417c15f21bbfc2
    Block Time: "Tue, 17 Feb 2026 00:31:56 +0000"

eth_blockNumber
eth_getLogs

    Block Number: 159
    Block Hash: 0xa96bb1fbce3bc5d01e1d7154ebd74181108123d42b256026726ad5d3bf5fdb01
    Block Time: "Tue, 17 Feb 2026 00:31:57 +0000"


    Block Number: 160
    Block Hash: 0x3d49de9181100a15217e95572eeaf907294432e5d0331bbdf51cb0e2f006d732
    Block Time: "Tue, 17 Feb 2026 00:31:58 +0000"

eth_blockNumber
eth_getLogs

    Block Number: 161
    Block Hash: 0x2267f6005b0b0e5f9ac20ede7f06702d373d8284f531d01f3ee29dff8e758c7c
    Block Time: "Tue, 17 Feb 2026 00:31:59 +0000"


    Block Number: 162
    Block Hash: 0x4089309475ee36160413ca250a497437532dd0ed5309dedb24117cf10195bf51
    Block Time: "Tue, 17 Feb 2026 00:32:00 +0000"

eth_blockNumber
eth_getLogs

    Block Number: 163
    Block Hash: 0x1a0678c87008c32783492944c8d5ef79d581ea03202c6276505f013ad9c57bae
    Block Time: "Tue, 17 Feb 2026 00:32:01 +0000"


    Block Number: 164
    Block Hash: 0x6f82b8cb6d25fbdc754fde1e9cb291a75311486ab5e17a2288a9d85b0e4161e1
    Block Time: "Tue, 17 Feb 2026 00:32:02 +0000"

eth_blockNumber
eth_getLogs

    Block Number: 165
    Block Hash: 0x6336af9ef9962042154ddb0f1cc7af3ec77af79ae0ab378d3dae9af0aeeec0db
    Block Time: "Tue, 17 Feb 2026 00:32:03 +0000"


    Block Number: 166
    Block Hash: 0x5d585467dbaaf6e29499178aa8131b227e20c79dc1d5ad6b4b024536cb27db02
    Block Time: "Tue, 17 Feb 2026 00:32:04 +0000"

eth_blockNumber
eth_getLogs

    Block Number: 167
    Block Hash: 0x620f485d0dd829e0f29c061db226eacc554307e0f147db851beba15a863b2eb1
    Block Time: "Tue, 17 Feb 2026 00:32:05 +0000"


    Block Number: 168
    Block Hash: 0x56614295dda0a5d3363726439cb22b095ec130130daa2704ddea2a0075350dbe
    Block Time: "Tue, 17 Feb 2026 00:32:06 +0000"

eth_blockNumber
eth_getLogs

    Block Number: 169
    Block Hash: 0x4caaedae6a5022097f00cc851b5a9d642196f14fec7f57b2f9354bfb696b2f84
    Block Time: "Tue, 17 Feb 2026 00:32:07 +0000"


    Block Number: 170
    Block Hash: 0x8ee77221e9c9914afce7d5fbfe8a21455402715ce171acff9b49e2c0c1fde6c0
    Block Time: "Tue, 17 Feb 2026 00:32:08 +0000"

eth_blockNumber
eth_getLogs

    Block Number: 171
    Block Hash: 0x4178aaf9756d8dc55cbcf8825fb6915ac6be803646800851f8e9fdeb663ea43a
    Block Time: "Tue, 17 Feb 2026 00:32:09 +0000"


    Block Number: 172
    Block Hash: 0x44bddb6858e875d71ab1c8f87eec1d2d52bf88fe7f230e7995a1f6d4b2c70635
    Block Time: "Tue, 17 Feb 2026 00:32:10 +0000"

eth_blockNumber
eth_getLogs

    Block Number: 173
    Block Hash: 0x5256ba84e21d07baa06001aeea8c5bfb474cf905bad22ac97499eff6422cd2b2
    Block Time: "Tue, 17 Feb 2026 00:32:11 +0000"


    Block Number: 174
    Block Hash: 0x48e3d4f1d2d8899f5197d240fc470d99633fa55721a419298ed6f77859c509bb
    Block Time: "Tue, 17 Feb 2026 00:32:12 +0000"

eth_blockNumber
eth_getLogs

    Block Number: 175
    Block Hash: 0xe2579b06b931e8d1559ad336d51107b291ba69f2e4a6e8b11a8a88a6e44bb4e3
    Block Time: "Tue, 17 Feb 2026 00:32:13 +0000"


    Block Number: 176
    Block Hash: 0x726861db7999bb443aa89ccd21efc773eb9484b4db01b3851ecc40d7df4e6f6e
    Block Time: "Tue, 17 Feb 2026 00:32:14 +0000"

eth_blockNumber
eth_getLogs

    Block Number: 177
    Block Hash: 0xd077c3a6a2155b37583d30833e515d6dfa1f253d968ad7fe08a0db3164983175
    Block Time: "Tue, 17 Feb 2026 00:32:15 +0000"


    Block Number: 178
    Block Hash: 0x4ba442b75077209693dbf9b799ba61ecc76200abf050f5a38eafc4334a12bda9
    Block Time: "Tue, 17 Feb 2026 00:32:16 +0000"

eth_blockNumber
eth_getLogs

    Block Number: 179
    Block Hash: 0xf8b5968f323ee95e59043bcf947cf10903118cd9ac18c27013030ff168eb9917
    Block Time: "Tue, 17 Feb 2026 00:32:17 +0000"


    Block Number: 180
    Block Hash: 0x42afb533f2f6cfc27a10778e684a4605185a2d332360d2c2c21f478ec12bd0cf
    Block Time: "Tue, 17 Feb 2026 00:32:18 +0000"

eth_blockNumber
eth_getLogs

    Block Number: 181
    Block Hash: 0x4cbb597f51b6af0a4c27c198878257db59a9e45c5a89d552b391994317e839cb
    Block Time: "Tue, 17 Feb 2026 00:32:19 +0000"


    Block Number: 182
    Block Hash: 0xc510addce146fd761c6f8dde118f91252333c5cc213a475d7048b7aacce389da
    Block Time: "Tue, 17 Feb 2026 00:32:20 +0000"

eth_blockNumber
eth_getLogs

    Block Number: 183
    Block Hash: 0xdfad8f145ac3c16bab95234328aab5f9e0c8805df1c9b4e869ad60d5ce1bc6ce
    Block Time: "Tue, 17 Feb 2026 00:32:21 +0000"


    Block Number: 184
    Block Hash: 0x857cc6b46bb3b69d47ddee96db626288165760c7ddc398eb31e059e9e4cb3d39
    Block Time: "Tue, 17 Feb 2026 00:32:22 +0000"

eth_blockNumber
eth_getLogs

    Block Number: 185
    Block Hash: 0xafb6fe17fd1b7b55fa0818087b667f0968136530631f731c13b134239158ef7e
    Block Time: "Tue, 17 Feb 2026 00:32:23 +0000"


    Block Number: 186
    Block Hash: 0x099d0ac4d1b759b50667aea6a6b5596dadfb4469f71e9001de5246901b4d5b5a
    Block Time: "Tue, 17 Feb 2026 00:32:24 +0000"

eth_blockNumber
eth_getLogs

    Block Number: 187
    Block Hash: 0x42e27ea5fa34d5cb1b337f24407e15c3e1c731665b5a6104760ef9f8ac38d92e
    Block Time: "Tue, 17 Feb 2026 00:32:25 +0000"


    Block Number: 188
    Block Hash: 0x992957827eabd152fdf92ade8638f08be034d5b2c057e70b912a24a443fd7758
    Block Time: "Tue, 17 Feb 2026 00:32:26 +0000"

eth_blockNumber
eth_getLogs

    Block Number: 189
    Block Hash: 0x38777093b4a3a4cc77c71d75c74562b8260a9f5263a9b8be882d16f4de382200
    Block Time: "Tue, 17 Feb 2026 00:32:27 +0000"


    Block Number: 190
    Block Hash: 0x28ee6d1f509adeae842d82329828fe9b31c9e2f1e38bde4bf7d6db6c2152b7cf
    Block Time: "Tue, 17 Feb 2026 00:32:28 +0000"

eth_blockNumber
eth_getLogs

    Block Number: 191
    Block Hash: 0x0fc96d71b65b2c5a881adccb6b848a12e5ef002e60e4c1390dce818a07f18695
    Block Time: "Tue, 17 Feb 2026 00:32:29 +0000"


    Block Number: 192
    Block Hash: 0xe7bd11fbbecc3fb89c589db04c7229bbbedc68b43012df90456566d744c1de2f
    Block Time: "Tue, 17 Feb 2026 00:32:30 +0000"

eth_blockNumber
eth_getLogs

    Block Number: 193
    Block Hash: 0xd0f95ad724b703fcf284a86fdbda4717ac5180d5c182b559892fcc8fee1f2956
    Block Time: "Tue, 17 Feb 2026 00:32:31 +0000"


    Block Number: 194
    Block Hash: 0x26f4355f8f4801f376997064d8f56af05e6b548edecb90346a0919089c763eff
    Block Time: "Tue, 17 Feb 2026 00:32:32 +0000"

eth_blockNumber
eth_getLogs

    Block Number: 195
    Block Hash: 0x9d5b99aa6fe4c079f13e71aa1631d9e38e0406bb00c1b70e596ac7129054c7b7
    Block Time: "Tue, 17 Feb 2026 00:32:33 +0000"


    Block Number: 196
    Block Hash: 0xeb6fe96dd2966bc2138b884962c4565c9add5616a7338b6e0e5260897520621b
    Block Time: "Tue, 17 Feb 2026 00:32:34 +0000"

eth_blockNumber
eth_getLogs

    Block Number: 197
    Block Hash: 0x692524b1147dfc1efe7cbe4afaf9df1099376a7e59dfe9b1017dd620b7837849
    Block Time: "Tue, 17 Feb 2026 00:32:35 +0000"


    Block Number: 198
    Block Hash: 0x3bdaf02d2b9c9262b18e93ea78a3840eeca856d0a7f1039c6a46382ea7d69d39
    Block Time: "Tue, 17 Feb 2026 00:32:36 +0000"

eth_blockNumber
eth_getLogs

    Block Number: 199
    Block Hash: 0xf870f006e41a8b6f52aac2c4502e2ef06d7e1a918a5964482469ca891b138368
    Block Time: "Tue, 17 Feb 2026 00:32:37 +0000"


    Block Number: 200
    Block Hash: 0xa2f1f505dce365d6dcac9010c858726f66bcdc50d61caffd67e347e807f96cca
    Block Time: "Tue, 17 Feb 2026 00:32:38 +0000"

eth_blockNumber
eth_getLogs

    Block Number: 201
    Block Hash: 0xe08f8706a01bba2e1f208b96205e83e3cd415696b8a2a566b6f0da322adb79f7
    Block Time: "Tue, 17 Feb 2026 00:32:39 +0000"


    Block Number: 202
    Block Hash: 0x21792987a9d4b92c6385cb15d2380d231ea149d11bdb8bca4bb96adb87078073
    Block Time: "Tue, 17 Feb 2026 00:32:40 +0000"

eth_blockNumber
eth_getLogs

    Block Number: 203
    Block Hash: 0xac21352bb50f0b302e6f3545dcbafd5158c73b071a3117bf3d4dc802489ed887
    Block Time: "Tue, 17 Feb 2026 00:32:41 +0000"


    Block Number: 204
    Block Hash: 0x832c98ca373c2a6a3584748824736f1935b4d69e14bff95e56b5877463de922c
    Block Time: "Tue, 17 Feb 2026 00:32:42 +0000"

eth_blockNumber
eth_getLogs

    Block Number: 205
    Block Hash: 0xff39d4a74b53b489f81f9d3cf9df387e1bb5fa9c6bf726d01185497954f07213
    Block Time: "Tue, 17 Feb 2026 00:32:43 +0000"


    Block Number: 206
    Block Hash: 0x1645f804480a81b64305b5d98c35799d61bafd223cd31c35eeb3ed3e045bb783
    Block Time: "Tue, 17 Feb 2026 00:32:44 +0000"

eth_blockNumber
eth_getLogs

    Block Number: 207
    Block Hash: 0xbb278bfc6bc5763444601e1851882dafef79e18c254f2ad7c791e786a28c49c4
    Block Time: "Tue, 17 Feb 2026 00:32:45 +0000"


    Block Number: 208
    Block Hash: 0xfbe7774ca32faa2ce74b6a5db22a2103104eced29ed543add1e29c471b817730
    Block Time: "Tue, 17 Feb 2026 00:32:46 +0000"

eth_blockNumber
eth_getLogs

    Block Number: 209
    Block Hash: 0x4ca71c137ec06ea811d37862f9f00b5ff39f7c89dab7f02d04c1bf60fa8151af
    Block Time: "Tue, 17 Feb 2026 00:32:47 +0000"


    Block Number: 210
    Block Hash: 0x3a76e3b3755a9e7ce0c406310b87eef216a28086c9bef20db17dbeb272e5e264
    Block Time: "Tue, 17 Feb 2026 00:32:48 +0000"

eth_blockNumber
eth_getLogs

    Block Number: 211
    Block Hash: 0xe391abca1c8abe74ac48bb22d63493898e68666f49bce5d66103efe9666fd4f9
    Block Time: "Tue, 17 Feb 2026 00:32:49 +0000"


    Block Number: 212
    Block Hash: 0xa9d28c2957921509f86f22a9998107437edd8bf744e8b769f3549cf006a29dc1
    Block Time: "Tue, 17 Feb 2026 00:32:50 +0000"

eth_blockNumber
eth_getLogs

    Block Number: 213
    Block Hash: 0x2658e651b229d1309c55a105381b60372f5b69e4491b2563962dbc8669803c0c
    Block Time: "Tue, 17 Feb 2026 00:32:51 +0000"


    Block Number: 214
    Block Hash: 0xe5213407f907c790bd40cda0a9b23b1510ce9cdb7b5725554b69e1c3c8a920e2
    Block Time: "Tue, 17 Feb 2026 00:32:52 +0000"

eth_blockNumber
eth_getLogs

    Block Number: 215
    Block Hash: 0xc62eebc3a16e1a51be99c65428117b3aebadb6113284cec6fe55ee35eca99126
    Block Time: "Tue, 17 Feb 2026 00:32:53 +0000"


    Block Number: 216
    Block Hash: 0x2dde8ad4ad6aeb6a5e4e0850d45c4cbc2d2369a89e093a9f52f14a1b15acca05
    Block Time: "Tue, 17 Feb 2026 00:32:54 +0000"

eth_blockNumber
eth_getLogs

    Block Number: 217
    Block Hash: 0x9cfae96cd00e7995a8ef04ad5aa6c0e09178eaeed17d874196014642f3f033e7
    Block Time: "Tue, 17 Feb 2026 00:32:55 +0000"


    Block Number: 218
    Block Hash: 0x479789800b60544373c81a56ce8e2ea9678eb9271ad9a90fb22726ae91087e50
    Block Time: "Tue, 17 Feb 2026 00:32:56 +0000"

eth_blockNumber
eth_getLogs

    Block Number: 219
    Block Hash: 0x4bd3442173a07a9943e8e693e20281d1acd9a32078f04ac953ab46a0df506b88
    Block Time: "Tue, 17 Feb 2026 00:32:57 +0000"


    Block Number: 220
    Block Hash: 0x90c27cbbb0ca9e9b9824973462926c1648ee7e0b6d1fb98f05f0919460f59f56
    Block Time: "Tue, 17 Feb 2026 00:32:58 +0000"

eth_blockNumber
eth_getLogs

    Block Number: 221
    Block Hash: 0xc0463f3c2b3489593cf76db6a4f6fe3feca9ad54b769f35f0a89a9ccf4bb1749
    Block Time: "Tue, 17 Feb 2026 00:32:59 +0000"


    Block Number: 222
    Block Hash: 0xec2c5b55630c03a8c32698237d6e80ef2fe3cd21bfee8e07f91af1588c10412e
    Block Time: "Tue, 17 Feb 2026 00:33:00 +0000"

eth_blockNumber
eth_getLogs

    Block Number: 223
    Block Hash: 0xdf1d5875dffb20ceec07752a4d6aa294a8a1ed7a9331f7557ec1378f098b9e05
    Block Time: "Tue, 17 Feb 2026 00:33:01 +0000"


    Block Number: 224
    Block Hash: 0xa31a6cc376d8dfcfe6914f066e8a96cfc35f1808a4a5fc1f69079d1d49613a40
    Block Time: "Tue, 17 Feb 2026 00:33:02 +0000"

eth_blockNumber
eth_getLogs

    Block Number: 225
    Block Hash: 0x737d804d7e04ffa0b63d60b6759e2c1cd42cdfa6d206d5f9a4c4722040fae3a2
    Block Time: "Tue, 17 Feb 2026 00:33:03 +0000"


    Block Number: 226
    Block Hash: 0x3e8625712edfff30ac5124e1873c01a87f5ff29cbe575d2e9c998563e6c9ddf5
    Block Time: "Tue, 17 Feb 2026 00:33:04 +0000"

eth_blockNumber
eth_getLogs

    Block Number: 227
    Block Hash: 0xb76e1618a97d56c9e5e68243ae7e102e3a0bc03f120c7b86b9956e171c82d12d
    Block Time: "Tue, 17 Feb 2026 00:33:05 +0000"


    Block Number: 228
    Block Hash: 0x6d0b137605663941a2400cfb21b959e74f65196e0e98dd9bdf859c336340cdd7
    Block Time: "Tue, 17 Feb 2026 00:33:06 +0000"

eth_blockNumber
eth_getLogs

    Block Number: 229
    Block Hash: 0xd2abb12020da3f193dd30b7e2c2dbdae575b658e57e893a5cdb2f67d3aecc07e
    Block Time: "Tue, 17 Feb 2026 00:33:07 +0000"


    Block Number: 230
    Block Hash: 0x630a8053781c6b645240990950709b613d5bfeb49755c35678fcbf4ee2440b95
    Block Time: "Tue, 17 Feb 2026 00:33:08 +0000"

eth_blockNumber
eth_getLogs

    Block Number: 231
    Block Hash: 0x3d59c946931568bf700f862ea173e799f37a42fa83ed1ba8f9d8d5664a5ab9fb
    Block Time: "Tue, 17 Feb 2026 00:33:09 +0000"


    Block Number: 232
    Block Hash: 0x61338a202046d54644dd9f6b00a3cdcee8f7da415dca3f66918eb60b4c3318e0
    Block Time: "Tue, 17 Feb 2026 00:33:10 +0000"

eth_blockNumber
eth_getLogs

    Block Number: 233
    Block Hash: 0x71b90011fa89e648df8d5069ebdf76e3adbee4cbab3534bb7ec93d8bad7e2a32
    Block Time: "Tue, 17 Feb 2026 00:33:11 +0000"


    Block Number: 234
    Block Hash: 0x0d27b6ee2d70980732884723057bc3aaad1b4887433cc9260f4e129f2f1afec2
    Block Time: "Tue, 17 Feb 2026 00:33:12 +0000"

eth_blockNumber
eth_getLogs

    Block Number: 235
    Block Hash: 0x7e5d3af8e09bc82fa9a3defc17a9d293472145774838b2498092ff8c2a167771
    Block Time: "Tue, 17 Feb 2026 00:33:13 +0000"


    Block Number: 236
    Block Hash: 0xd9773440ea381a803c9bf73c5b3b301c73095565abd7091a8fda3f8f45d257fb
    Block Time: "Tue, 17 Feb 2026 00:33:14 +0000"

eth_blockNumber
eth_getLogs

    Block Number: 237
    Block Hash: 0x3178fc710f4c692add1d4985c633cf16a7630d43f6cb7f324cbb0fee284f9c2d
    Block Time: "Tue, 17 Feb 2026 00:33:15 +0000"


    Block Number: 238
    Block Hash: 0xa0ac277161e0dd9884e5279c7a74ac25154e1365234b8c3deab9734897d16a42
    Block Time: "Tue, 17 Feb 2026 00:33:16 +0000"

eth_blockNumber
eth_getLogs

    Block Number: 239
    Block Hash: 0x2d017f49f252c70e993b8130e1de63e45311759b696fccba8c3b84533a231bb5
    Block Time: "Tue, 17 Feb 2026 00:33:17 +0000"


    Block Number: 240
    Block Hash: 0x8532649c27be2711f84e90244594291f97a775221b5794ca690c158726ade739
    Block Time: "Tue, 17 Feb 2026 00:33:18 +0000"

eth_blockNumber
eth_getLogs

    Block Number: 241
    Block Hash: 0xe9a0969d17fcf74732f0bb1df3f7eb291e5bd274e843030d0fae27002763efb2
    Block Time: "Tue, 17 Feb 2026 00:33:19 +0000"


    Block Number: 242
    Block Hash: 0xe6c65d8023661165ef13f40d11b6d936d8b4a837535d9ad187ddf16b1b305930
    Block Time: "Tue, 17 Feb 2026 00:33:20 +0000"

eth_blockNumber
eth_getLogs

    Block Number: 243
    Block Hash: 0x84f8b311361a06f203a8e5e7e11c7e40d2dfe79786ff1312c2dd8592d26ee26a
    Block Time: "Tue, 17 Feb 2026 00:33:21 +0000"


    Block Number: 244
    Block Hash: 0xaab598945f057aa64bb83a0dcd9c61b2ff0a26f9b0d6cca763aab1ddf02cbac0
    Block Time: "Tue, 17 Feb 2026 00:33:22 +0000"

eth_blockNumber
eth_getLogs

    Block Number: 245
    Block Hash: 0x0d1928ca4ffc51e73e0f2019b91961279ba629f27d0f143db866d2c77aa23d40
    Block Time: "Tue, 17 Feb 2026 00:33:23 +0000"


    Block Number: 246
    Block Hash: 0x12026dd209c51f9c7fdbb8b8701d5fdda0265ee2c2258f8adf1f24d30c1bc21f
    Block Time: "Tue, 17 Feb 2026 00:33:24 +0000"

eth_blockNumber
eth_getLogs

    Block Number: 247
    Block Hash: 0x864fa358f147308bbc6d2530b67ebead1b0df29dfa247e6615d051e2404b9a63
    Block Time: "Tue, 17 Feb 2026 00:33:25 +0000"


    Block Number: 248
    Block Hash: 0xdad39dd1d8a8d9ded749a3bd5f07be614d519f32e2b2537568645e8c4344011d
    Block Time: "Tue, 17 Feb 2026 00:33:26 +0000"

eth_blockNumber
eth_getLogs

    Block Number: 249
    Block Hash: 0xc0fb78922fe7f16cd9d303cad723dd0d54473f5b9491b22351a1080003c69bc2
    Block Time: "Tue, 17 Feb 2026 00:33:27 +0000"


    Block Number: 250
    Block Hash: 0xcec0bf615f475a91efc7a561f1e0f87f038e58c8ff515727e6a30933353035a3
    Block Time: "Tue, 17 Feb 2026 00:33:28 +0000"

eth_blockNumber
eth_getLogs

    Block Number: 251
    Block Hash: 0x7ab9d6565a1033fa715dce52684b157c06516d38f56c06d77730b1786b6edd56
    Block Time: "Tue, 17 Feb 2026 00:33:29 +0000"


    Block Number: 252
    Block Hash: 0x0354523eb6d47ffb92bab6b25041b574a8c6c52b24ec264d1e127dde4af7ed39
    Block Time: "Tue, 17 Feb 2026 00:33:30 +0000"

eth_blockNumber
eth_getLogs

    Block Number: 253
    Block Hash: 0x51d2814fd1325580ece93ae88bb29af436619c3604bb17d7af4a06fb91676732
    Block Time: "Tue, 17 Feb 2026 00:33:31 +0000"


    Block Number: 254
    Block Hash: 0x91d3b6d2fec2a96b186bb19ad1c5e94cc7e3897f8848721617af627e8678074a
    Block Time: "Tue, 17 Feb 2026 00:33:32 +0000"

eth_blockNumber
eth_getLogs

    Block Number: 255
    Block Hash: 0xf617e62417271f4281c46e8b0e55c2107b3818bb2f5c1d85d7c79818123827e2
    Block Time: "Tue, 17 Feb 2026 00:33:33 +0000"


    Block Number: 256
    Block Hash: 0x8290dbe74cf8347037b64bc07b855f3c7c1415291464faa798f6501d4dc514fc
    Block Time: "Tue, 17 Feb 2026 00:33:34 +0000"

eth_blockNumber
eth_getLogs

    Block Number: 257
    Block Hash: 0x19202b61947d3007cd584f2f767baea7fea671226a3cdacdaec15d9094476b32
    Block Time: "Tue, 17 Feb 2026 00:33:35 +0000"


    Block Number: 258
    Block Hash: 0xc1cf4a83059f8ab05eb59c8adc99ddb53d7b6ea8d527f8ddc9f204187cd14fdc
    Block Time: "Tue, 17 Feb 2026 00:33:36 +0000"

eth_blockNumber
eth_getLogs

    Block Number: 259
    Block Hash: 0x5b77849c7368c5da3204ff7b81ed216d4832a4719c00d09a0a45084325cd2ccd
    Block Time: "Tue, 17 Feb 2026 00:33:37 +0000"


    Block Number: 260
    Block Hash: 0x576b2efc3393f40134586a28c624fba350b007b38eeafd51875ac74d452515c5
    Block Time: "Tue, 17 Feb 2026 00:33:38 +0000"

eth_blockNumber
eth_getLogs

    Block Number: 261
    Block Hash: 0xe41536e3a15a5b3b3b4095fc2646a3d97cfb04cd1c38639624acc76e24a5c633
    Block Time: "Tue, 17 Feb 2026 00:33:39 +0000"


    Block Number: 262
    Block Hash: 0xa42b9b4c67e3d242f22ce0953be27ac7e3f31b4ea9c270779fbdb94d1b942fb7
    Block Time: "Tue, 17 Feb 2026 00:33:40 +0000"

eth_blockNumber
eth_getLogs

    Block Number: 263
    Block Hash: 0x2847f57dc3f596471bd7961b251578fb0862f4349d484ffe32ac64ce9f2c92eb
    Block Time: "Tue, 17 Feb 2026 00:33:41 +0000"


    Block Number: 264
    Block Hash: 0xf03e3b100154757016dd8ad573dd49469f7f678a5d2a51eca7ff95f580a90cf2
    Block Time: "Tue, 17 Feb 2026 00:33:42 +0000"

eth_blockNumber
eth_getLogs

    Block Number: 265
    Block Hash: 0x195de77b88897fcf79b75bbee20f2aef3e796c2fb9cbc71315776b2631408de1
    Block Time: "Tue, 17 Feb 2026 00:33:43 +0000"


    Block Number: 266
    Block Hash: 0x502425a2beeff62cd8658ec00e8733c9b130696c17a29c51fc3b5ccfb408b446
    Block Time: "Tue, 17 Feb 2026 00:33:44 +0000"

eth_blockNumber
eth_getLogs

    Block Number: 267
    Block Hash: 0x94fda2b2a314c47f1e4890b3874544e8c5521c4913735e6c3464d8f6a8dac38b
    Block Time: "Tue, 17 Feb 2026 00:33:45 +0000"


    Block Number: 268
    Block Hash: 0x996cbf5d0c89d2670ecad0d3405d8e1e116ba367a6470e8a3c50c0a34b3c7ede
    Block Time: "Tue, 17 Feb 2026 00:33:46 +0000"

eth_blockNumber
eth_getLogs

    Block Number: 269
    Block Hash: 0x1c70ac921851494130ef692cfc0edaf45257702a4a80276679333be5c5ddd167
    Block Time: "Tue, 17 Feb 2026 00:33:47 +0000"


    Block Number: 270
    Block Hash: 0x9efb83d2c2cedc18fa49a475fc40eccf58a5fa2a486d9c5a34e18f35c1fdf3fe
    Block Time: "Tue, 17 Feb 2026 00:33:48 +0000"

eth_blockNumber
eth_getLogs

    Block Number: 271
    Block Hash: 0x5f4e5decc667de08f6b5f46ba9d8cd46fcd80212f69e0dca44e836119e219c10
    Block Time: "Tue, 17 Feb 2026 00:33:49 +0000"


    Block Number: 272
    Block Hash: 0x55e3841ef62068f83c7dab6e4ced54a54ab087d9b596b55c0b7b909650be51c4
    Block Time: "Tue, 17 Feb 2026 00:33:50 +0000"

eth_blockNumber
eth_getLogs

    Block Number: 273
    Block Hash: 0x891be1c5b84d9de617f75bfc8e2c67d9145f4436da10a06b0f5e7664e6805c3a
    Block Time: "Tue, 17 Feb 2026 00:33:51 +0000"


    Block Number: 274
    Block Hash: 0xb732958bbf702c4e59baa1233173fb9f76238afb8c23e596b647327147a8c65f
    Block Time: "Tue, 17 Feb 2026 00:33:52 +0000"

eth_blockNumber
eth_getLogs

    Block Number: 275
    Block Hash: 0x01249ab1f56c3b72f5a7e49a17d99eea526a953ba9332c60c10289699a294402
    Block Time: "Tue, 17 Feb 2026 00:33:53 +0000"


    Block Number: 276
    Block Hash: 0xdcb00b84d209bfbc4474e29e384ccd902721bb443c1cef5fd4567bb80de9fbc9
    Block Time: "Tue, 17 Feb 2026 00:33:54 +0000"

eth_blockNumber
eth_getLogs

    Block Number: 277
    Block Hash: 0xd742b78340e1889fba94eaa9884ef2d37cea17b33c1c8f454822764182973ee0
    Block Time: "Tue, 17 Feb 2026 00:33:55 +0000"


    Block Number: 278
    Block Hash: 0x042ac7df8f68aac914fa67e271856a33e91873d00dbf5ecec32cddb7a34d1ce0
    Block Time: "Tue, 17 Feb 2026 00:33:56 +0000"

eth_blockNumber
eth_getLogs

    Block Number: 279
    Block Hash: 0xf0f108012602ffa4c6afc96e6b4b6324b8dd41dfd1bae2f919717e54dcc66ac9
    Block Time: "Tue, 17 Feb 2026 00:33:57 +0000"


    Block Number: 280
    Block Hash: 0x43479423e6fa9b2bc7bb970c3397aff9a86526a94df6982ce812c50f05a04b96
    Block Time: "Tue, 17 Feb 2026 00:33:58 +0000"

eth_blockNumber
eth_getLogs

    Block Number: 281
    Block Hash: 0xa30167d519774479c40e8c6e93737313e354de3e21afff5684bdb5ff13bf1b05
    Block Time: "Tue, 17 Feb 2026 00:33:59 +0000"


    Block Number: 282
    Block Hash: 0x0617a12f6fdafc5c2cd355001aee7dbb0032091481539f0b4d3e5add05c81086
    Block Time: "Tue, 17 Feb 2026 00:34:00 +0000"

eth_blockNumber
eth_getLogs

    Block Number: 283
    Block Hash: 0xf2244bff920b118d6622160590bac3dca6e11c04a00a5f2911ca497d5d3361b8
    Block Time: "Tue, 17 Feb 2026 00:34:01 +0000"


    Block Number: 284
    Block Hash: 0x28a316ec41e5dd263fe0506ed629e93e2fe0a9b19e480f4a2cc894a00c0488cb
    Block Time: "Tue, 17 Feb 2026 00:34:02 +0000"

eth_blockNumber
eth_getLogs

    Block Number: 285
    Block Hash: 0x12de3c93e368b46c892e9963bf5921251bfa515f59270dab6e506ce0e2ef8776
    Block Time: "Tue, 17 Feb 2026 00:34:03 +0000"


    Block Number: 286
    Block Hash: 0xe2e4fa6945c3256fbf1325c4f5101f7b6f4ddc0776691637a380dd8161ce9d6e
    Block Time: "Tue, 17 Feb 2026 00:34:04 +0000"

eth_blockNumber
eth_getLogs

    Block Number: 287
    Block Hash: 0x119136dcb822da5e9660c0512c29a9fdf81bef75a94cd5b48e83e58235b52384
    Block Time: "Tue, 17 Feb 2026 00:34:05 +0000"


    Block Number: 288
    Block Hash: 0x1460f7c7969ec29fdf4d12d4e04dddbd7dff1a298f62cd311f118c639cfdfec1
    Block Time: "Tue, 17 Feb 2026 00:34:06 +0000"

eth_blockNumber
eth_getLogs

    Block Number: 289
    Block Hash: 0xc85f52599d0a54ee8c32219d76733c3e1e088d4b050c866bcacc2d28a4501966
    Block Time: "Tue, 17 Feb 2026 00:34:07 +0000"


    Block Number: 290
    Block Hash: 0x021bbda79c4555187ba7dc74293020a4492c03a4a2cb2923f60b64a1459a7e14
    Block Time: "Tue, 17 Feb 2026 00:34:08 +0000"

eth_blockNumber
eth_getLogs

    Block Number: 291
    Block Hash: 0x446b146a6810a663ab3117b018ac42b20d331c187acaf9cbc4c4deea2e79b20f
    Block Time: "Tue, 17 Feb 2026 00:34:09 +0000"


    Block Number: 292
    Block Hash: 0x22eba43f43b84261554ddd1b0acfbc85e2d9a3996a71fa9b8acaebd04ab3bd7c
    Block Time: "Tue, 17 Feb 2026 00:34:10 +0000"

eth_blockNumber
eth_getLogs

    Block Number: 293
    Block Hash: 0x3b0c51b15751ca33b53eed358a387daa6cab74d159a4b1673317998c6362b384
    Block Time: "Tue, 17 Feb 2026 00:34:11 +0000"


    Block Number: 294
    Block Hash: 0xffd0977aadfe39efbf122e3a515d947d4aca89c2fa6c0ab53b7e3a7d77d85596
    Block Time: "Tue, 17 Feb 2026 00:34:12 +0000"

eth_blockNumber
eth_getLogs

    Block Number: 295
    Block Hash: 0xbdd1efb2f4d59553b79b84fd728e69dcee9a22403899fbb8fcff9c79c0ca48de
    Block Time: "Tue, 17 Feb 2026 00:34:13 +0000"


    Block Number: 296
    Block Hash: 0xe328751e56b71c04b4cf3f722748af6a083c1f9bdda2ae7e31548417359407eb
    Block Time: "Tue, 17 Feb 2026 00:34:14 +0000"

eth_blockNumber
eth_getLogs

    Block Number: 297
    Block Hash: 0x8d8355295242ce7afafdf9b8bb033a8ac1cb19869930fd0b7b097ad2975ddab5
    Block Time: "Tue, 17 Feb 2026 00:34:15 +0000"


    Block Number: 298
    Block Hash: 0xcca0e82a3c22c21c4a3a5f1a8ecc03e07df6392fde027d13fa8b4dbda0e3247e
    Block Time: "Tue, 17 Feb 2026 00:34:16 +0000"

eth_blockNumber
eth_getLogs

    Block Number: 299
    Block Hash: 0x1abe2f101c288f0e4b4ebb84569a770c06cb77ae00609c91f96951dc451fdb95
    Block Time: "Tue, 17 Feb 2026 00:34:17 +0000"


    Block Number: 300
    Block Hash: 0x0f5f8e344d7e80626e21275d9ca7e19368299f2cb9d7652b82908d35cc691af2
    Block Time: "Tue, 17 Feb 2026 00:34:18 +0000"

eth_blockNumber
eth_getLogs

    Block Number: 301
    Block Hash: 0x53dabf0db757c97624d14df9b435a595a60a4e6362896e1231ce80c7f3c3cdb2
    Block Time: "Tue, 17 Feb 2026 00:34:19 +0000"


    Block Number: 302
    Block Hash: 0x619bc189affeffe52c52fdbe40fc2c0d869c5d425208b0bce8a3969a18b4be56
    Block Time: "Tue, 17 Feb 2026 00:34:20 +0000"

eth_blockNumber
eth_getLogs

    Block Number: 303
    Block Hash: 0x286f4029a8a3a42ca2f2512d8602f338cd9eb0d615c4fb09f5c10b45bf89a589
    Block Time: "Tue, 17 Feb 2026 00:34:21 +0000"


    Block Number: 304
    Block Hash: 0x979767789074c6d420ef3850b347bfd48d0106103849fc0149cd6b92c53b75e1
    Block Time: "Tue, 17 Feb 2026 00:34:22 +0000"

eth_blockNumber
eth_getLogs

    Block Number: 305
    Block Hash: 0x4da6f14e8759ce719c6b8ef76af3e923c99a33f910e553fe9eefc2e21de1e0ff
    Block Time: "Tue, 17 Feb 2026 00:34:23 +0000"


    Block Number: 306
    Block Hash: 0xfef679d079f0d38dfafbc575aaa5ea9982f7ed0a92ebf34cb816d2ba315dbebc
    Block Time: "Tue, 17 Feb 2026 00:34:24 +0000"

eth_blockNumber
eth_getLogs

    Block Number: 307
    Block Hash: 0xa9849d03afc108ddba7d2fe70030c37d56b68fb00008bcc5b2f0f8821eabd2c7
    Block Time: "Tue, 17 Feb 2026 00:34:25 +0000"


    Block Number: 308
    Block Hash: 0x68d14c54a48002027457279560b2d35564cae3ea69c4f29f935749da60c095b4
    Block Time: "Tue, 17 Feb 2026 00:34:26 +0000"

eth_blockNumber
eth_getLogs

    Block Number: 309
    Block Hash: 0xb7d3ebdae115fbd76a5da1c56fa6bd01152e9cc9f3d407cda5d677bcc6e186ea
    Block Time: "Tue, 17 Feb 2026 00:34:27 +0000"


    Block Number: 310
    Block Hash: 0x407d002e7ea1113a14c5105751c8c857bea822e421b43243c13ca0eac149810d
    Block Time: "Tue, 17 Feb 2026 00:34:28 +0000"

eth_blockNumber
eth_getLogs

    Block Number: 311
    Block Hash: 0x733a161f0451e941616662069c2e157a32a25295f1be645e373e2c6831541517
    Block Time: "Tue, 17 Feb 2026 00:34:29 +0000"


    Block Number: 312
    Block Hash: 0xf9c17b2e6f00ccd86f2b42f382749a3a6f7985dc7434e11f829d986b21a10d03
    Block Time: "Tue, 17 Feb 2026 00:34:30 +0000"

eth_blockNumber
eth_getLogs

    Block Number: 313
    Block Hash: 0xc5dddb2de981f84d74b1fd2cb754b641f8edf684d3672e6785cee87ef465c592
    Block Time: "Tue, 17 Feb 2026 00:34:31 +0000"


    Block Number: 314
    Block Hash: 0x8ed340d5d1b2f8711a94a4ab6fcb5a2cd2d2ebfee8ca26bf04cbc7e2f5d3f9a1
    Block Time: "Tue, 17 Feb 2026 00:34:32 +0000"

eth_blockNumber
eth_getLogs

    Block Number: 315
    Block Hash: 0x64d88d2d9c1c4a448d9d38cb0b101665b1c0917e876268a41c792071038ed90c
    Block Time: "Tue, 17 Feb 2026 00:34:33 +0000"


    Block Number: 316
    Block Hash: 0xa651018d7073b46eed9606bae2944248f10235120993ef11ea38d479ef142849
    Block Time: "Tue, 17 Feb 2026 00:34:34 +0000"

eth_blockNumber
eth_getLogs

    Block Number: 317
    Block Hash: 0xa0c46ed0e025f96346559488146dd73bce7494c26a27eb97e0b8a07564044a36
    Block Time: "Tue, 17 Feb 2026 00:34:35 +0000"


    Block Number: 318
    Block Hash: 0x6744f395c20359caebb58a9dbbf7ed1e677f3e83796e43be9e90b6f5ce83dc1b
    Block Time: "Tue, 17 Feb 2026 00:34:36 +0000"

eth_blockNumber
eth_getLogs

    Block Number: 319
    Block Hash: 0x02d36da029c7af828a66b87bd931131c96eaa070c85014c9e58fd02e2569b42e
    Block Time: "Tue, 17 Feb 2026 00:34:37 +0000"


    Block Number: 320
    Block Hash: 0x4210f859b96dee795f7a6728962b1dce39496bfc61be2ac133f1501991d3596d
    Block Time: "Tue, 17 Feb 2026 00:34:38 +0000"

eth_blockNumber
eth_getLogs

    Block Number: 321
    Block Hash: 0x6ae861a69de9376e325510dd7d02abf2f9266daa4e80542e85ca08482a073d36
    Block Time: "Tue, 17 Feb 2026 00:34:39 +0000"


    Block Number: 322
    Block Hash: 0x5b951cea65d70265559e10768cf34f8ed7a4e63b68168fb20d4ce2af169ced65
    Block Time: "Tue, 17 Feb 2026 00:34:40 +0000"

eth_blockNumber
eth_getLogs

    Block Number: 323
    Block Hash: 0x1ad237e5e57774e644892bb07e4686e05835e04421397f01c292dfd1d9fd77ee
    Block Time: "Tue, 17 Feb 2026 00:34:41 +0000"


    Block Number: 324
    Block Hash: 0x9c45d2eb66844d3ad398f77d67f172923ee1f33bbeb4ea9f18ede6b0e7e98d3a
    Block Time: "Tue, 17 Feb 2026 00:34:42 +0000"

eth_blockNumber
eth_getLogs

    Block Number: 325
    Block Hash: 0x3a7793a104bb206adcf61e959b06192956cf366031f3c0ea88560a6ee4aff1a2
    Block Time: "Tue, 17 Feb 2026 00:34:43 +0000"


    Block Number: 326
    Block Hash: 0x1b00fe47b9110278fe5a0e8946ad8dcb557f09e888b550cb6af971cc1450b2d4
    Block Time: "Tue, 17 Feb 2026 00:34:44 +0000"

eth_blockNumber
eth_getLogs

    Block Number: 327
    Block Hash: 0xd3fbe78d22e945c7fd8e17310a45566afda006c61346ba525566a2c25f04ac42
    Block Time: "Tue, 17 Feb 2026 00:34:45 +0000"


    Block Number: 328
    Block Hash: 0x6dcfaa5a987e2ab4435eab1f1ade6b1093c73bf0a927935b631273a925ca9986
    Block Time: "Tue, 17 Feb 2026 00:34:46 +0000"

eth_blockNumber
eth_getLogs

    Block Number: 329
    Block Hash: 0xb3a0569d34c1b7442dd3006559bc6f8b475e0c07544a87ff2e763efbde842f5f
    Block Time: "Tue, 17 Feb 2026 00:34:47 +0000"


    Block Number: 330
    Block Hash: 0x457c4f0b77c03dd320016a8770d71372f3598e80b7784a157a835d7fe9447e6e
    Block Time: "Tue, 17 Feb 2026 00:34:48 +0000"

eth_blockNumber
eth_getLogs

    Block Number: 331
    Block Hash: 0xa0d3ddf54fc6ee758b3954f6003a484dcb728b1a8838e5d5578da64988c79ac5
    Block Time: "Tue, 17 Feb 2026 00:34:49 +0000"


    Block Number: 332
    Block Hash: 0x0bc285f7c48c5fde5c9b3f89eb51ee65091223473f8363e37403f1372cd63b88
    Block Time: "Tue, 17 Feb 2026 00:34:50 +0000"

eth_blockNumber
eth_getLogs

    Block Number: 333
    Block Hash: 0xc743ef15275fea4176e73372de3e44c449889aa48e407d5bc38981c3efa93ea5
    Block Time: "Tue, 17 Feb 2026 00:34:51 +0000"


    Block Number: 334
    Block Hash: 0xadffef3f19170debbc2ab87c883dc09221abd5ed81bc7c70accbb69292292221
    Block Time: "Tue, 17 Feb 2026 00:34:52 +0000"

eth_blockNumber
eth_getLogs

    Block Number: 335
    Block Hash: 0x78d5a036ce302ba5e69ed3894c73516f2428e91a6de546872b9c973eaa94b554
    Block Time: "Tue, 17 Feb 2026 00:34:53 +0000"


    Block Number: 336
    Block Hash: 0x49b7b71b2f6dbd7622e3a033df5f77c643c14871197df4b92c4f572f6eed8df5
    Block Time: "Tue, 17 Feb 2026 00:34:54 +0000"

eth_blockNumber
eth_getLogs

    Block Number: 337
    Block Hash: 0xbfff79de36aa6c8ca9bfbfb926e5be652a441435ba7a153e2b2e80a3f1505855
    Block Time: "Tue, 17 Feb 2026 00:34:55 +0000"


    Block Number: 338
    Block Hash: 0x42cd09a194e2a0cc5b2eb4d0b53aa7e44d5dd360fe24854ec9ce9551f0b5ab3c
    Block Time: "Tue, 17 Feb 2026 00:34:56 +0000"

eth_blockNumber
eth_getLogs

    Block Number: 339
    Block Hash: 0x14a63590eb545d0200e3a1043030960e40485ff6d265a7d34a880b46d8a43a4c
    Block Time: "Tue, 17 Feb 2026 00:34:57 +0000"


    Block Number: 340
    Block Hash: 0x18c2e5614f3307b677c6f8d7aadd5a83d46c55288725a30674b4a13aa91bc4bf
    Block Time: "Tue, 17 Feb 2026 00:34:58 +0000"

eth_blockNumber
eth_getLogs

    Block Number: 341
    Block Hash: 0xb8659c3ec2f334ad8a572f0a760e1efccb8d1768de6a583b00c8b8536e36e8c9
    Block Time: "Tue, 17 Feb 2026 00:34:59 +0000"


    Block Number: 342
    Block Hash: 0xd7dbc622eed404ecc2b3f351522d8483980960439dbd48d87dab8ffc31526cb0
    Block Time: "Tue, 17 Feb 2026 00:35:00 +0000"

eth_blockNumber
eth_getLogs

    Block Number: 343
    Block Hash: 0x2b82f4b6e331a2b319c2d833ba6594ee5ddfefd3b8117feadc55714095c9b099
    Block Time: "Tue, 17 Feb 2026 00:35:01 +0000"


    Block Number: 344
    Block Hash: 0x0f9b63090b170734d79b85112c68ed9017ee8e8bc70f968f9c2bc270cf47e150
    Block Time: "Tue, 17 Feb 2026 00:35:02 +0000"

eth_blockNumber
eth_getLogs

    Block Number: 345
    Block Hash: 0xb00fc728c961765018905d75af134a999c22b85365a6ef8b6c8858f9568d62f5
    Block Time: "Tue, 17 Feb 2026 00:35:03 +0000"


    Block Number: 346
    Block Hash: 0xd43d74f9758c9e763054da7073135e49e32397987ffc7b0683d3019ca78aba8e
    Block Time: "Tue, 17 Feb 2026 00:35:04 +0000"

eth_blockNumber
eth_getLogs

    Block Number: 347
    Block Hash: 0x9c7e2c54dfe94b4e5203c09918c968d2230784965c7bcab52478efbd2f019a91
    Block Time: "Tue, 17 Feb 2026 00:35:05 +0000"


    Block Number: 348
    Block Hash: 0x435f75d39e8dfe8ce11c5c1d84cb9d67ac15fe544b32c0fadc08b907826a5914
    Block Time: "Tue, 17 Feb 2026 00:35:06 +0000"

eth_blockNumber
eth_getLogs

    Block Number: 349
    Block Hash: 0x37e8cc5fa858a3cdf79538c113e51f2d88368fe7f9890a660a0631f7b6a5799b
    Block Time: "Tue, 17 Feb 2026 00:35:07 +0000"


    Block Number: 350
    Block Hash: 0x629f14a153b1d3a296e07d0539e362953900a0e15c1d2fb44ad7d5b36c7ca405
    Block Time: "Tue, 17 Feb 2026 00:35:08 +0000"

eth_blockNumber
eth_getLogs

    Block Number: 351
    Block Hash: 0x8bb42685a8f8073ae72f4a0b72e1e8b49199552a6d4c204b443d5778f0af1f76
    Block Time: "Tue, 17 Feb 2026 00:35:09 +0000"


    Block Number: 352
    Block Hash: 0x69627d28d4854e4f7e111fe28cecaeee8ff15801997597a662c3b3c626c17505
    Block Time: "Tue, 17 Feb 2026 00:35:10 +0000"

eth_blockNumber
eth_getLogs

    Block Number: 353
    Block Hash: 0xccb06b4c69b14004b666a4672e5f521a9520ba33d61fbef2dd62bf6784ca2ca8
    Block Time: "Tue, 17 Feb 2026 00:35:11 +0000"


    Block Number: 354
    Block Hash: 0xd5b1e951aae757b9e1030324423e5b00578b8d4eb05459a8f03616e5b01ac953
    Block Time: "Tue, 17 Feb 2026 00:35:12 +0000"

eth_blockNumber
eth_getLogs

    Block Number: 355
    Block Hash: 0x7370aa9c25b53b840aee98b72817b1e1d67f00d854cc799cbd9828318bddcb07
    Block Time: "Tue, 17 Feb 2026 00:35:13 +0000"


    Block Number: 356
    Block Hash: 0x032bd7fa2f40a6cff6541fc1e909558e3d350237a8b1ff425254e546edb88d44
    Block Time: "Tue, 17 Feb 2026 00:35:14 +0000"

eth_blockNumber
eth_getLogs

    Block Number: 357
    Block Hash: 0xb05397e3390aa872cdbeb85b1c85804646a814e3adc33427beb558a27a1f38e5
    Block Time: "Tue, 17 Feb 2026 00:35:15 +0000"


    Block Number: 358
    Block Hash: 0x41d8ea4d5c2c2c43a5495bbae4d317ec8c1a57e9863c133f6a56fdf4c9f78c9d
    Block Time: "Tue, 17 Feb 2026 00:35:16 +0000"

eth_blockNumber
eth_getLogs

    Block Number: 359
    Block Hash: 0xb474920b8d6162d864bd16f572913ad42891155e4fca1022501cbe41440ed548
    Block Time: "Tue, 17 Feb 2026 00:35:17 +0000"


    Block Number: 360
    Block Hash: 0xe04d8131854c900d2f3b6345bab56d77f7c70503c28391cf97b6747c02d4ab32
    Block Time: "Tue, 17 Feb 2026 00:35:18 +0000"

eth_blockNumber
eth_getLogs

    Block Number: 361
    Block Hash: 0xd7e6808403f1829cfccffd06d9cbd65f8787203fb895c9683dc1fe64e07ff9a7
    Block Time: "Tue, 17 Feb 2026 00:35:19 +0000"


    Block Number: 362
    Block Hash: 0xf848de711d90d2fa42f68038805616fab8b045338e7a6df76361e5c03a84f9af
    Block Time: "Tue, 17 Feb 2026 00:35:20 +0000"

eth_blockNumber
eth_getLogs

    Block Number: 363
    Block Hash: 0x2bb3e714dea856a5666a3d5bcdcd9b380e71aedd71f85946d8f806d961e38cd6
    Block Time: "Tue, 17 Feb 2026 00:35:21 +0000"


    Block Number: 364
    Block Hash: 0x51e05b78534278025e925486c56e5fed389def10e3bba74673aa9b7080ff916b
    Block Time: "Tue, 17 Feb 2026 00:35:22 +0000"

eth_blockNumber
eth_getLogs

    Block Number: 365
    Block Hash: 0xc434764253144d79281a0ce14a8283cbe90db0a2174aca6499daf53182c514a8
    Block Time: "Tue, 17 Feb 2026 00:35:23 +0000"


    Block Number: 366
    Block Hash: 0x40cca0e48efca43f6da1dc0678237fe33890ce195d22ed301673d86d76dcddd9
    Block Time: "Tue, 17 Feb 2026 00:35:24 +0000"

eth_blockNumber
eth_getLogs

    Block Number: 367
    Block Hash: 0x7e2b79e4272a6e487ed76328cb16ded95488643e194cdad67251c86c46684ca4
    Block Time: "Tue, 17 Feb 2026 00:35:25 +0000"


    Block Number: 368
    Block Hash: 0x465d1551004a9d96f5afabff2267cea9bc02134aa372351c39e0ed210d989652
    Block Time: "Tue, 17 Feb 2026 00:35:26 +0000"

eth_blockNumber
eth_getLogs

    Block Number: 369
    Block Hash: 0xd8543de2356ac61fcc5202d478797a27df5fdf3ee9be3bee03b4560871a7a5f7
    Block Time: "Tue, 17 Feb 2026 00:35:27 +0000"


    Block Number: 370
    Block Hash: 0x7ee5f90bff949c65272387bc51087772f9357a798858f93cc8dd6aec8ac2cc5a
    Block Time: "Tue, 17 Feb 2026 00:35:28 +0000"

eth_blockNumber
eth_getLogs

    Block Number: 371
    Block Hash: 0xf2d10de9b1defa8bf792ab5b36c88147c7ee48a039fca6580dffb1dd2c1ca4af
    Block Time: "Tue, 17 Feb 2026 00:35:29 +0000"


    Block Number: 372
    Block Hash: 0x315d12fa3449bbfe890b251b356e8ca85b9736c44b331b4e48424368ea695ea4
    Block Time: "Tue, 17 Feb 2026 00:35:30 +0000"

eth_blockNumber
eth_getLogs

    Block Number: 373
    Block Hash: 0x47b1bfb88cb198df50e336df985ad4ed685d2af3dd0eac2a2235e4b6181bb38d
    Block Time: "Tue, 17 Feb 2026 00:35:31 +0000"


    Block Number: 374
    Block Hash: 0xe783cc4c67420c27c1956055180b147a19fb4c4b0296b0a01233c0c34780162f
    Block Time: "Tue, 17 Feb 2026 00:35:32 +0000"

eth_blockNumber
eth_getLogs

    Block Number: 375
    Block Hash: 0x59dea9ee8b664763f262f992c903699d997f4294e68f3d9e3806c9323a62ecdb
    Block Time: "Tue, 17 Feb 2026 00:35:33 +0000"


    Block Number: 376
    Block Hash: 0xe7ae3c4c13c364838656813d075c4088d032f78b831308bc265bea9a5016ce15
    Block Time: "Tue, 17 Feb 2026 00:35:34 +0000"

eth_blockNumber
eth_getLogs

    Block Number: 377
    Block Hash: 0x239700471ee87db3771372db7ccad57a7d348251cede8190bae955da0b898697
    Block Time: "Tue, 17 Feb 2026 00:35:35 +0000"


    Block Number: 378
    Block Hash: 0xdcdcb24fc346a213c52d27bd3ae6ede467e3970e2ca568f6c3acd826462fde9c
    Block Time: "Tue, 17 Feb 2026 00:35:36 +0000"

eth_blockNumber
eth_getLogs

    Block Number: 379
    Block Hash: 0xf9b6e821869a2b87c3561b8631b6af20853ec9b65c11f504710f93d84249e92b
    Block Time: "Tue, 17 Feb 2026 00:35:37 +0000"


    Block Number: 380
    Block Hash: 0x707d7883f796c985bf75ca0a54f36fc9e9e63724f835ecf96a90a84a32fdd6c8
    Block Time: "Tue, 17 Feb 2026 00:35:38 +0000"

eth_blockNumber
eth_getLogs

    Block Number: 381
    Block Hash: 0x4050a50326c3707bfd4fe5da0dfe65e987bfea78dd4b418392f7b497acc4958d
    Block Time: "Tue, 17 Feb 2026 00:35:39 +0000"


    Block Number: 382
    Block Hash: 0x5df36525a68089775bd6566b440db345bccb75a7050b75e1eb4209b7197d8915
    Block Time: "Tue, 17 Feb 2026 00:35:40 +0000"

eth_blockNumber
eth_getLogs

    Block Number: 383
    Block Hash: 0xed667e008020ad98487db930ce87dd1eb132bc5ade951073aab38973067eab85
    Block Time: "Tue, 17 Feb 2026 00:35:41 +0000"


    Block Number: 384
    Block Hash: 0x944538c3eaba8b01c4a6cd7d8bd512ae37b6a011d92ae06affac270d59e94d2d
    Block Time: "Tue, 17 Feb 2026 00:35:42 +0000"

eth_blockNumber
eth_getLogs

    Block Number: 385
    Block Hash: 0x6b49f4d85d26194e7ae5ed43b9dc737b28355051c3ffa32563fa1f325728d69c
    Block Time: "Tue, 17 Feb 2026 00:35:43 +0000"


    Block Number: 386
    Block Hash: 0x153d2771705d5b79a791276659de4edf2514d12e5f9989e77f0597e4e412026c
    Block Time: "Tue, 17 Feb 2026 00:35:44 +0000"

eth_blockNumber
eth_getLogs

    Block Number: 387
    Block Hash: 0x7dd75f359725f741e1e62b52390eb178be2d23471be206814fca31caf6846998
    Block Time: "Tue, 17 Feb 2026 00:35:45 +0000"


    Block Number: 388
    Block Hash: 0x0c95d3d540d52a707ab68297b46b50d1e1805878203e0b9e867fb96fff7f7c3b
    Block Time: "Tue, 17 Feb 2026 00:35:46 +0000"

eth_blockNumber
eth_getLogs

    Block Number: 389
    Block Hash: 0x8f27e79520510138bfb3d269f3d3e9880f69f955fa9dd6e361b860060fea8a25
    Block Time: "Tue, 17 Feb 2026 00:35:47 +0000"


    Block Number: 390
    Block Hash: 0xbdb8c32a399c6c622e78315bf5dbb7edeabbcf0d6f5fb0ff53628aba449596e9
    Block Time: "Tue, 17 Feb 2026 00:35:48 +0000"

eth_blockNumber
eth_getLogs

    Block Number: 391
    Block Hash: 0xd5d4d5dd0eee1a0df1196682aca297b0691a0eb28b555f7df0ce08be59648b26
    Block Time: "Tue, 17 Feb 2026 00:35:49 +0000"


    Block Number: 392
    Block Hash: 0xfd52b87f36d0fe570068f7dc06e186a2167628b6729503518cbc569585d6a868
    Block Time: "Tue, 17 Feb 2026 00:35:50 +0000"

eth_blockNumber
eth_getLogs

    Block Number: 393
    Block Hash: 0x4f267111c6f1b8b8a24d01e79d6bd5ac5a3c981d91f2055aa40f58cdbd681098
    Block Time: "Tue, 17 Feb 2026 00:35:51 +0000"


    Block Number: 394
    Block Hash: 0xb8a7d1bee9c56fd83894a72cd3616834e1a372d86e09454e09f5e9fc45b4ef78
    Block Time: "Tue, 17 Feb 2026 00:35:52 +0000"

eth_blockNumber
eth_getLogs

    Block Number: 395
    Block Hash: 0xfd69a3de95479145c042c685e5d06a7aa88cafe34b66cf0e984fd472413224fd
    Block Time: "Tue, 17 Feb 2026 00:35:53 +0000"


    Block Number: 396
    Block Hash: 0x0f8da39da65bbd040c73b1ad4a425f258ea943212859ede33a9cb2ffa1837d6c
    Block Time: "Tue, 17 Feb 2026 00:35:54 +0000"

eth_blockNumber
eth_getLogs

    Block Number: 397
    Block Hash: 0x99671dd8313e75ec31c71e239fbec19114b32ebf7c316b48fe713ee49de3386f
    Block Time: "Tue, 17 Feb 2026 00:35:55 +0000"


    Block Number: 398
    Block Hash: 0x11018d8dedee0edaea30ea7228a3dfbbe36d6420fa755cec94e9ee2a2fceea71
    Block Time: "Tue, 17 Feb 2026 00:35:56 +0000"

eth_blockNumber
eth_getLogs

    Block Number: 399
    Block Hash: 0x46e4ae2e880194204912b1381eb223ccbd034f7b3bfb9af4e37fa7e478860a0d
    Block Time: "Tue, 17 Feb 2026 00:35:57 +0000"


    Block Number: 400
    Block Hash: 0xc0050732df9169fbc251acec90b4c65de23bc9bdbb09db2633cc24a416f585ff
    Block Time: "Tue, 17 Feb 2026 00:35:58 +0000"

eth_blockNumber
eth_getLogs

    Block Number: 401
    Block Hash: 0xa2984b858543965abab8ecf5ad38250d9c1899a98110f535fbd707f46078e375
    Block Time: "Tue, 17 Feb 2026 00:35:59 +0000"


    Block Number: 402
    Block Hash: 0xd7e80d2e79e2046e691cd0ccd0cdfdaeae2b5ebb0f24d95720e386dd247acfda
    Block Time: "Tue, 17 Feb 2026 00:36:00 +0000"

eth_blockNumber
eth_getLogs

    Block Number: 403
    Block Hash: 0xe5abc1c04a0d62f94acfb5004d7651a93c3c9e2b3de9635193fe5376a9f89f2c
    Block Time: "Tue, 17 Feb 2026 00:36:01 +0000"


    Block Number: 404
    Block Hash: 0x00e3d10ed4b371218f39dba909119af756b575b39478ff0db38c7843d472b81e
    Block Time: "Tue, 17 Feb 2026 00:36:02 +0000"

eth_blockNumber
eth_getLogs

    Block Number: 405
    Block Hash: 0x63e71be20ab68aa92f96016e9e07498c1b597b53437ffa37173b5591e1658f07
    Block Time: "Tue, 17 Feb 2026 00:36:03 +0000"


    Block Number: 406
    Block Hash: 0x0340c9e6569cfa806dd789f8e52a0c17d94b05dad2b6b3cabc6e71ade941a867
    Block Time: "Tue, 17 Feb 2026 00:36:04 +0000"

eth_blockNumber
eth_getLogs

    Block Number: 407
    Block Hash: 0x5066db324e3f9657cfc63d356fc3191245f9d0953b7088dc7b06a1ea8595c8ff
    Block Time: "Tue, 17 Feb 2026 00:36:05 +0000"


    Block Number: 408
    Block Hash: 0x2c52caa2acc00e109252e3811be6e9d4f53dd6b6ddc57a819f3f9067c8f22b00
    Block Time: "Tue, 17 Feb 2026 00:36:06 +0000"

eth_blockNumber
eth_getLogs

    Block Number: 409
    Block Hash: 0x2ed691b7e94fd5b6e50d5bbfee59cf990e5fe8b194e88a11d5fbfa9cdddc3e60
    Block Time: "Tue, 17 Feb 2026 00:36:07 +0000"


    Block Number: 410
    Block Hash: 0xcbe148572333978e4b63930f8ac34db73af61872eb69ebbe6339657869f021e1
    Block Time: "Tue, 17 Feb 2026 00:36:08 +0000"

eth_blockNumber
eth_getLogs

    Block Number: 411
    Block Hash: 0x33c925a65bc77397f74d85eaffe2148e542fb791a83e334b894ba09489b2ced4
    Block Time: "Tue, 17 Feb 2026 00:36:09 +0000"


    Block Number: 412
    Block Hash: 0xdaba87d27d0d33c1b088eced4fd4c882c4dbac8cb8cb7ff3b2a0d1a6f2ece55b
    Block Time: "Tue, 17 Feb 2026 00:36:10 +0000"

eth_blockNumber
eth_getLogs

    Block Number: 413
    Block Hash: 0xe8ea754088d44fdbebc00e7d36f23ccc66f0268483bf57435449e481745a42eb
    Block Time: "Tue, 17 Feb 2026 00:36:11 +0000"


    Block Number: 414
    Block Hash: 0x674d9e75963151f0ea827b88031badacaec18b932154e05c41cc7c0f0e1bdc29
    Block Time: "Tue, 17 Feb 2026 00:36:12 +0000"

eth_blockNumber
eth_getLogs

    Block Number: 415
    Block Hash: 0x9e6fd20cdff9bcfc9816fbb5c6d8436e791cde5ce2aeca56f1891784336fa614
    Block Time: "Tue, 17 Feb 2026 00:36:13 +0000"


    Block Number: 416
    Block Hash: 0xab92315f615bb43c2a42242ddf9fa031e1dec8cd1f0c086a84757e6d3672633e
    Block Time: "Tue, 17 Feb 2026 00:36:14 +0000"

eth_blockNumber
eth_getLogs

    Block Number: 417
    Block Hash: 0xb6ae40799af0ddc607e620bf2a4d821b2dd6a3aa713941149c0666630e8c25a8
    Block Time: "Tue, 17 Feb 2026 00:36:15 +0000"


    Block Number: 418
    Block Hash: 0x261c1e43eca4621bd94c0034c2de804301ea3b4bf0cf330f7075ee35112c2ec1
    Block Time: "Tue, 17 Feb 2026 00:36:16 +0000"

eth_blockNumber
eth_getLogs

    Block Number: 419
    Block Hash: 0xe99d80535b67690032f7e338303d345f3666283666f9a946b0d72a10e4edc6f1
    Block Time: "Tue, 17 Feb 2026 00:36:17 +0000"


    Block Number: 420
    Block Hash: 0xba4487b90b39b297971417e38d155572eacf8fbf47ddc48cc3497b92cf0fd838
    Block Time: "Tue, 17 Feb 2026 00:36:18 +0000"

eth_blockNumber
eth_getLogs

    Block Number: 421
    Block Hash: 0xeab763bb08b21804a791754c8fbee2845126c9098916bc28a97cd6f7c37b91f6
    Block Time: "Tue, 17 Feb 2026 00:36:19 +0000"


    Block Number: 422
    Block Hash: 0x16929fb523aaa93e91d3bf1cf7bf23e3789b78da3f57896e3989f1de693658b7
    Block Time: "Tue, 17 Feb 2026 00:36:20 +0000"

eth_blockNumber
eth_getLogs

    Block Number: 423
    Block Hash: 0xc62a52213b01a83bbf5728fd89c39aa4360bbd2f52f3fd11b436b70d6c0d1413
    Block Time: "Tue, 17 Feb 2026 00:36:21 +0000"


    Block Number: 424
    Block Hash: 0x4f70cd67529ee3464a6a389f5f42781008330d0f260aff69bd2c005e43f5bec4
    Block Time: "Tue, 17 Feb 2026 00:36:22 +0000"

eth_blockNumber
eth_getLogs

    Block Number: 425
    Block Hash: 0xec9bdf686de719511e0a0d7839b295d6febc74f922ea72a4d4e61c4a2a7dd972
    Block Time: "Tue, 17 Feb 2026 00:36:23 +0000"


    Block Number: 426
    Block Hash: 0x6ff622bce7e727b90d249031699566a29ecee389c173aa4dc319dc964337e5fd
    Block Time: "Tue, 17 Feb 2026 00:36:24 +0000"

eth_blockNumber
eth_getLogs

    Block Number: 427
    Block Hash: 0x667953e1bf875c1043dda24db4977c49f47ee1b6fd0a73ee6d218ab8277c82fd
    Block Time: "Tue, 17 Feb 2026 00:36:25 +0000"


    Block Number: 428
    Block Hash: 0x27285d36373fcf61e56627baf1e996b10faf51fa4f60e116f8f3a0a7d9d3d2af
    Block Time: "Tue, 17 Feb 2026 00:36:26 +0000"

eth_blockNumber
eth_getLogs

    Block Number: 429
    Block Hash: 0x02a9a621df22d634f5b14c720250a595b14964ecf3c5f28146f86d61eb431c74
    Block Time: "Tue, 17 Feb 2026 00:36:27 +0000"


    Block Number: 430
    Block Hash: 0xa3d32d0606a6ddc97790189c7ee5364dc9c5ad904a06b04dcd3d973b004394d0
    Block Time: "Tue, 17 Feb 2026 00:36:28 +0000"

eth_blockNumber
eth_getLogs

    Block Number: 431
    Block Hash: 0xc047d4d5c57663a508989654526262e6e6977cd3d966ab966d31ae69d6243c33
    Block Time: "Tue, 17 Feb 2026 00:36:29 +0000"


    Block Number: 432
    Block Hash: 0x923ec05c85910ac439abd649b3d5ad82208596d1b9d288949cc4236a2ca252ad
    Block Time: "Tue, 17 Feb 2026 00:36:30 +0000"

eth_blockNumber
eth_getLogs

    Block Number: 433
    Block Hash: 0xc74ed195683d38b2c2db91fa13ac1dcc3bbb31f6138e4286539fae4fa1496f9d
    Block Time: "Tue, 17 Feb 2026 00:36:31 +0000"


    Block Number: 434
    Block Hash: 0x21c0e2258a7873e7245df81986218ca389d617b6b61e3a854afd9d236a18e181
    Block Time: "Tue, 17 Feb 2026 00:36:32 +0000"

eth_blockNumber
eth_getLogs

    Block Number: 435
    Block Hash: 0x19a1759aeef919aea8afb1a878460afe56c70e9f2fa19ebd4d5f81db5c09946f
    Block Time: "Tue, 17 Feb 2026 00:36:33 +0000"


    Block Number: 436
    Block Hash: 0x3722d5bd51aa0f37920df7afa34533089882498a1ac24bf0b0937c33d39e2945
    Block Time: "Tue, 17 Feb 2026 00:36:34 +0000"

eth_blockNumber
eth_getLogs

    Block Number: 437
    Block Hash: 0x20230ae25e809d48d0d5cbfd858be952d5601ae52eef8b00ce2f3e2f645b6a8e
    Block Time: "Tue, 17 Feb 2026 00:36:35 +0000"


    Block Number: 438
    Block Hash: 0xdcdf1c101278c34e65665c0969560fd2c3d4c9256f822e79c2fc5672f51a6ee2
    Block Time: "Tue, 17 Feb 2026 00:36:36 +0000"

eth_blockNumber
eth_getLogs

    Block Number: 439
    Block Hash: 0xfd495ae8364bf5e7df749264fa2e9f9e7687c88cf6f67bdf99e456f5505e05eb
    Block Time: "Tue, 17 Feb 2026 00:36:37 +0000"


    Block Number: 440
    Block Hash: 0x4dbc2cf243ee1e0a4eb29a4377b4461418663b1574febd158668272eb397fec0
    Block Time: "Tue, 17 Feb 2026 00:36:38 +0000"

eth_blockNumber
eth_getLogs

    Block Number: 441
    Block Hash: 0x685f572bdda79eb8c49d1e93a966e89308e7bbc12ef4a0960bd364769a03144b
    Block Time: "Tue, 17 Feb 2026 00:36:39 +0000"


    Block Number: 442
    Block Hash: 0xdba80acb0413023d6413145d21b305924076e3d9bc73d21ad7b2c810bf2532f8
    Block Time: "Tue, 17 Feb 2026 00:36:40 +0000"

eth_blockNumber
eth_getLogs

    Block Number: 443
    Block Hash: 0xa0b309a7ffb597e00a743578921e34f0a74a50ab82a837013ea1b4ab09521814
    Block Time: "Tue, 17 Feb 2026 00:36:41 +0000"


    Block Number: 444
    Block Hash: 0x2348830f2e50e2c91a353bd9969c8ab71905e26b32655172951d7ae6ee373552
    Block Time: "Tue, 17 Feb 2026 00:36:42 +0000"

eth_blockNumber
eth_getLogs

    Block Number: 445
    Block Hash: 0x46d0177d06c284aa9b29dcee306c36ace5dd3b6c412ea37d13771314e05ea2b6
    Block Time: "Tue, 17 Feb 2026 00:36:43 +0000"


    Block Number: 446
    Block Hash: 0x25f133a41ae91500a3956d84f97a51829de12b1dbd08ebdf34425c7806e05b93
    Block Time: "Tue, 17 Feb 2026 00:36:44 +0000"

eth_blockNumber
eth_getLogs

    Block Number: 447
    Block Hash: 0xdde7bd096965899e5f6b3461ac2b5df01843aeb986f845f286d4e4d71359cdb5
    Block Time: "Tue, 17 Feb 2026 00:36:45 +0000"


    Block Number: 448
    Block Hash: 0x098e5ff905a7db582ea993beaeea8063ed832fd2a193b6e8953d893ea39df975
    Block Time: "Tue, 17 Feb 2026 00:36:46 +0000"

eth_blockNumber
eth_getLogs

    Block Number: 449
    Block Hash: 0xbb7f4c859731e26053268acef3fa51b92cda577c0516ff1b45509ed32245c380
    Block Time: "Tue, 17 Feb 2026 00:36:47 +0000"


    Block Number: 450
    Block Hash: 0xd429770757cc463dc2e90c4a1cbf801eda48cfbba84d44756b8aaa1bcc093482
    Block Time: "Tue, 17 Feb 2026 00:36:48 +0000"

eth_blockNumber
eth_getLogs

    Block Number: 451
    Block Hash: 0x77bdb0abd4d47d61b053ebb6d0589402d919249ba924e4afb53b1956f09d8b84
    Block Time: "Tue, 17 Feb 2026 00:36:49 +0000"


    Block Number: 452
    Block Hash: 0xf5dfb8b14820b88c00ddfb0db0482462bdc09404e4fd21d60011eda044a672b9
    Block Time: "Tue, 17 Feb 2026 00:36:50 +0000"

eth_blockNumber
eth_getLogs

    Block Number: 453
    Block Hash: 0x9d675cfcfb5074ede48c84069240acfd781f50b71c4044472c421599617014d8
    Block Time: "Tue, 17 Feb 2026 00:36:51 +0000"


    Block Number: 454
    Block Hash: 0x2f376bfe737fae30cb7c3b85161a9e94a2d87cb9185e97123f78cf709deca68d
    Block Time: "Tue, 17 Feb 2026 00:36:52 +0000"

eth_blockNumber
eth_getLogs

    Block Number: 455
    Block Hash: 0x05640f6a62ac4dd01e15d32040c3a24a039095daf02db8f666765bd82e6f6b55
    Block Time: "Tue, 17 Feb 2026 00:36:53 +0000"


    Block Number: 456
    Block Hash: 0x9edd755c12150503e016b7427471bbe84ebba31568b69216ca5a0ec13d0b7f89
    Block Time: "Tue, 17 Feb 2026 00:36:54 +0000"

eth_blockNumber
eth_getLogs

    Block Number: 457
    Block Hash: 0xbfefa3ef8b93f9f1031c9c3f0fd594e9b0b6ff113b0e900d7b91cb2f5fcfb57b
    Block Time: "Tue, 17 Feb 2026 00:36:55 +0000"


    Block Number: 458
    Block Hash: 0xdb5d500b80a01853359e31e022281d62e8539c9cf6293c6757398acdb51a9bc6
    Block Time: "Tue, 17 Feb 2026 00:36:56 +0000"

eth_blockNumber
eth_getLogs

    Block Number: 459
    Block Hash: 0xd3b4c581e24d856b412beb5f8df738c38dd59781272af00a3c59c2ad98b514ce
    Block Time: "Tue, 17 Feb 2026 00:36:57 +0000"


    Block Number: 460
    Block Hash: 0x8311f5fef18d2adb45bb345a07f8934830dbf977edf8897d399f73a7496a55f4
    Block Time: "Tue, 17 Feb 2026 00:36:58 +0000"

eth_blockNumber
eth_getLogs

    Block Number: 461
    Block Hash: 0x5b25a7a42d17d4a6f7e5666a5043d8e98228c088aa7e980825b889fe4877fe95
    Block Time: "Tue, 17 Feb 2026 00:36:59 +0000"


    Block Number: 462
    Block Hash: 0x179df2adf6097a0afff9713344e72f4a354fc75cb33b952a34973866e4d2d8c6
    Block Time: "Tue, 17 Feb 2026 00:37:00 +0000"

eth_blockNumber
eth_getLogs

    Block Number: 463
    Block Hash: 0x72c48ba3961e5be4cf55101cea65061ef70c8ef045b72e0d16b56fc3f9f8ca7c
    Block Time: "Tue, 17 Feb 2026 00:37:01 +0000"


    Block Number: 464
    Block Hash: 0x8d18ba7db775bb6c3708023f8d88f1a73cb3a74a6e0572a70d259a803cad2710
    Block Time: "Tue, 17 Feb 2026 00:37:02 +0000"

eth_blockNumber
eth_getLogs

    Block Number: 465
    Block Hash: 0x02ce4a07e31e9e726434bfaebbca08ed950b80da4a19f9b29be813bd52dabb99
    Block Time: "Tue, 17 Feb 2026 00:37:03 +0000"


    Block Number: 466
    Block Hash: 0x1aea1f69bbcbd331e4f21fdab3b672d7e76931e7529d4c0a8f6a199f7beae1bb
    Block Time: "Tue, 17 Feb 2026 00:37:04 +0000"

eth_blockNumber
eth_getLogs

    Block Number: 467
    Block Hash: 0x408c76a343d11e405daf1f75890a91ce60f8d4e34673e7a611d8c924e2071913
    Block Time: "Tue, 17 Feb 2026 00:37:05 +0000"


    Block Number: 468
    Block Hash: 0xc956152205a480a98a8e133d8342347e02526d944a51c32c7a25b91d8d65b61d
    Block Time: "Tue, 17 Feb 2026 00:37:06 +0000"

eth_blockNumber
eth_getLogs

    Block Number: 469
    Block Hash: 0x10c13daa3564883736339cc94fa4100f9dca60c8c8b927845ba9bafefe91e69a
    Block Time: "Tue, 17 Feb 2026 00:37:07 +0000"


    Block Number: 470
    Block Hash: 0x75f4a7eac174f561eb065ad04d9cf930c120fdcedab76a6974bdae55b28ca609
    Block Time: "Tue, 17 Feb 2026 00:37:08 +0000"

eth_blockNumber
eth_getLogs

    Block Number: 471
    Block Hash: 0x5a75ce25f333d6e423ec897ad9aacfff336ec648feff2a92b5359016420d30bd
    Block Time: "Tue, 17 Feb 2026 00:37:09 +0000"


    Block Number: 472
    Block Hash: 0x977c2011288cd7771706d37852f36d8cc4aea4719526adaf5babe26c202128b1
    Block Time: "Tue, 17 Feb 2026 00:37:10 +0000"

eth_blockNumber
eth_getLogs

    Block Number: 473
    Block Hash: 0x8d2fb29b84beb36011ef6dbf7c656f1df66fd38e48cbc7d503ce62562439fbcf
    Block Time: "Tue, 17 Feb 2026 00:37:11 +0000"


    Block Number: 474
    Block Hash: 0xdd9831fc5982a860f4fccc3b6cb680e3d486f7ab4b09746f8a5ea4ba1d31690b
    Block Time: "Tue, 17 Feb 2026 00:37:12 +0000"

eth_blockNumber
eth_getLogs

    Block Number: 475
    Block Hash: 0x4ef9a2705aa7f509053c4030da4e19fff3a182fc34bb3d4219c5f42e4f51b3da
    Block Time: "Tue, 17 Feb 2026 00:37:13 +0000"


    Block Number: 476
    Block Hash: 0x812bf54346586a78969776906a73e8dba9419d3112c1c927c6a6d313dd958e71
    Block Time: "Tue, 17 Feb 2026 00:37:14 +0000"

eth_blockNumber
eth_getLogs

    Block Number: 477
    Block Hash: 0xda09888e4ef36ce31fb62edc89dd296db240424b06063e2cb5e810ed5d4db87f
    Block Time: "Tue, 17 Feb 2026 00:37:15 +0000"


    Block Number: 478
    Block Hash: 0x64445c05e7aafbc3604e45b672e2e3dc9871cf7dcd138b662a0510252458b8f0
    Block Time: "Tue, 17 Feb 2026 00:37:16 +0000"

eth_blockNumber
eth_getLogs

    Block Number: 479
    Block Hash: 0x41aca98b92ace81289017038cade5c193c5aba222b29521f5eea89a79d31e497
    Block Time: "Tue, 17 Feb 2026 00:37:17 +0000"


    Block Number: 480
    Block Hash: 0x860ea4058ee1570b8f01605d170871fbeb8625ef18864bac5462f8647c23d119
    Block Time: "Tue, 17 Feb 2026 00:37:18 +0000"

eth_blockNumber
eth_getLogs

    Block Number: 481
    Block Hash: 0x2fa2e147a864e0c6049cc78c8a19a3bb6dcd31347b2ef64861ec8dab1350e889
    Block Time: "Tue, 17 Feb 2026 00:37:19 +0000"


    Block Number: 482
    Block Hash: 0x4d0a49aa6a47f6e04fc495b2e7c628f1695c5586845dead3433bfe89ec3f0b3a
    Block Time: "Tue, 17 Feb 2026 00:37:20 +0000"


    Block Number: 483
    Block Hash: 0x17fc8ee24a0655063f5984a9bfa3d4901e079efc760879bae4b5a991064bfb50
    Block Time: "Tue, 17 Feb 2026 00:37:21 +0000"


    Block Number: 484
    Block Hash: 0xf5fce27018d28fb0ec1d600c637a97788791bbf3a23a4e299d84bf616a0c2717
    Block Time: "Tue, 17 Feb 2026 00:37:22 +0000"


    Block Number: 485
    Block Hash: 0xc295a8f1a6d89b6088a2c1a5e6a4363766573d279e3084bdc66c9f837ad42587
    Block Time: "Tue, 17 Feb 2026 00:37:23 +0000"


    Block Number: 486
    Block Hash: 0x47e5d6e736b21eaaa8f842f5a388f24b41d9d8dc700053cff6aa02fff490f7d3
    Block Time: "Tue, 17 Feb 2026 00:37:24 +0000"

