    Finished `release` profile [optimized] target(s) in 0.14s
     Running `target/release/oif-aggregator`
[2m2026-02-17T01:56:54.638936Z[0m [32m INFO[0m [2moif_aggregator[0m[2m:[0m Logging configuration applied: level=info, format=Compact, structured=false
[2m2026-02-17T01:56:54.639027Z[0m [32m INFO[0m [2moif_config::startup_logger[0m[2m:[0m === OIF Aggregator Service Starting ===
[2m2026-02-17T01:56:54.639034Z[0m [32m INFO[0m [2moif_config::startup_logger[0m[2m:[0m 🚀 Service: oif-aggregator v0.1.0
[2m2026-02-17T01:56:54.639039Z[0m [32m INFO[0m [2moif_config::startup_logger[0m[2m:[0m 🦀 Rust Edition: 2021
[2m2026-02-17T01:56:54.639045Z[0m [32m INFO[0m [2moif_config::startup_logger[0m[2m:[0m 💻 Platform: macos
[2m2026-02-17T01:56:54.639049Z[0m [32m INFO[0m [2moif_config::startup_logger[0m[2m:[0m 🏗️ Architecture: aarch64
[2m2026-02-17T01:56:54.639072Z[0m [32m INFO[0m [2moif_config::startup_logger[0m[2m:[0m 📁 Working Directory: /Users/chef/Desktop/solver-cli/oif-aggregator
[2m2026-02-17T01:56:54.639080Z[0m [32m INFO[0m [2moif_config::startup_logger[0m[2m:[0m 🔧 Log Level: info
[2m2026-02-17T01:56:54.639131Z[0m [32m INFO[0m [2moif_config::startup_logger[0m[2m:[0m 🕒 Started at: 2026-02-17 01:56:54 UTC
[2m2026-02-17T01:56:54.639151Z[0m [32m INFO[0m [2moif_config::startup_logger[0m[2m:[0m 🎯 Starting aggregator initialization...
[2m2026-02-17T01:56:54.639168Z[0m [32m INFO[0m [2moif_aggregator[0m[2m:[0m Using configuration: loaded from config file or defaults
[2m2026-02-17T01:56:54.639172Z[0m [32m INFO[0m [2moif_aggregator[0m[2m:[0m Configuration loaded successfully
[2m2026-02-17T01:56:54.639177Z[0m [32m INFO[0m [2moif_aggregator[0m[2m:[0m 🔧 Configuring OIF Aggregator server
[2m2026-02-17T01:56:54.639181Z[0m [32m INFO[0m [2moif_aggregator[0m[2m:[0m Enabled solvers: 1
[2m2026-02-17T01:56:54.639184Z[0m [32m INFO[0m [2moif_aggregator[0m[2m:[0m   - local-oif-solver: http://127.0.0.1:5001/api/v1
[2m2026-02-17T01:56:54.639564Z[0m [32m INFO[0m [2moif_aggregator[0m[2m:[0m Successfully initialized with 1 solver(s)
[2m2026-02-17T01:56:54.639746Z[0m [32m INFO[0m [2moif_service::jobs::processor[0m[2m:[0m Started automatic job info cleanup every 30 minutes (TTL: 1440 minutes)
[2m2026-02-17T01:56:54.639751Z[0m [32m INFO[0m [2moif_service::jobs::processor[0m[2m:[0m Started job processor with 4 workers, scheduling support, and retry policies
[2m2026-02-17T01:56:54.639796Z[0m [32m INFO[0m [2moif_service::jobs::processor[0m[2m:[0m Started job info cleanup loop (interval: 30 minutes, TTL: 1440 minutes)
[2m2026-02-17T01:56:54.639811Z[0m [32m INFO[0m [2moif_service::jobs::scheduler[0m[2m:[0m JobScheduler upgraded with JobProcessor
[2m2026-02-17T01:56:54.639893Z[0m [32m INFO[0m [2moif_service::jobs::processor[0m[2m:[0m Scheduled job 'health-check-all-solvers' (Periodic health check for all solvers) to run every 1 minutes (ID used for both scheduling and deduplication)
[2m2026-02-17T01:56:54.639907Z[0m [32m INFO[0m [2moif_aggregator[0m[2m:[0m Scheduled health checks to run immediately and then every 5 minutes for all solvers
[2m2026-02-17T01:56:54.639914Z[0m [32m INFO[0m [2moif_service::jobs::processor[0m[2m:[0m Scheduled job 'fetch-assets-all-solvers' (Periodic asset fetch for all solvers) to run every 20 minutes (ID used for both scheduling and deduplication)
[2m2026-02-17T01:56:54.639919Z[0m [32m INFO[0m [2moif_aggregator[0m[2m:[0m Scheduled asset fetching to run immediately and then every 20 minutes for all solvers
[2m2026-02-17T01:56:54.639923Z[0m [32m INFO[0m [2moif_service::jobs::processor[0m[2m:[0m Scheduled job 'orders-cleanup-daily' (Daily cleanup of old orders in final status) to run every 1440 minutes (ID used for both scheduling and deduplication)
[2m2026-02-17T01:56:54.639927Z[0m [32m INFO[0m [2moif_aggregator[0m[2m:[0m Scheduled daily orders cleanup to run every 24 hours
[2m2026-02-17T01:56:54.639932Z[0m [32m INFO[0m [2moif_service::jobs::processor[0m[2m:[0m Scheduled job 'metrics-cleanup-periodic' (Cleanup of old time-series metrics data (retention: 168h)) to run every 1440 minutes (ID used for both scheduling and deduplication)
[2m2026-02-17T01:56:54.639962Z[0m [32m INFO[0m [2moif_aggregator[0m[2m:[0m Scheduled metrics cleanup to run every 24 hours (retention: 168 hours)
[2m2026-02-17T01:56:54.639965Z[0m [32m INFO[0m [2moif_aggregator[0m[2m:[0m Background job processor initialized and solver initialization jobs submitted
[2m2026-02-17T01:56:54.640460Z[0m [32m INFO[0m [2moif_aggregator[0m[2m:[0m Storage backend initialized successfully
[2m2026-02-17T01:56:54.640572Z[0m [32m INFO[0m [2moif_config::startup_logger[0m[2m:[0m ✅ OIF Aggregator Service Started Successfully
[2m2026-02-17T01:56:54.640577Z[0m [32m INFO[0m [2moif_config::startup_logger[0m[2m:[0m 🌐 Server listening on: 0.0.0.0:4000
[2m2026-02-17T01:56:54.640580Z[0m [32m INFO[0m [2moif_config::startup_logger[0m[2m:[0m 📡 Ready to accept requests
[2m2026-02-17T01:56:54.640582Z[0m [32m INFO[0m [2moif_aggregator[0m[2m:[0m API endpoints available:
[2m2026-02-17T01:56:54.640585Z[0m [32m INFO[0m [2moif_aggregator[0m[2m:[0m   GET  /health
[2m2026-02-17T01:56:54.640587Z[0m [32m INFO[0m [2moif_aggregator[0m[2m:[0m   POST /api/v1/quotes
[2m2026-02-17T01:56:54.640590Z[0m [32m INFO[0m [2moif_aggregator[0m[2m:[0m   POST /api/v1/orders
[2m2026-02-17T01:56:54.640592Z[0m [32m INFO[0m [2moif_aggregator[0m[2m:[0m   GET  /api/v1/orders/{id}
[2m2026-02-17T01:56:54.640595Z[0m [32m INFO[0m [2moif_aggregator[0m[2m:[0m   GET  /api/v1/solvers
[2m2026-02-17T01:56:54.640597Z[0m [32m INFO[0m [2moif_aggregator[0m[2m:[0m   GET  /api/v1/solvers/{id}
[2m2026-02-17T01:56:59.648410Z[0m [32m INFO[0m [2moif_service::jobs::handlers::orders_cleanup[0m[2m:[0m Starting order cleanup for orders older than 10 days
[2m2026-02-17T01:56:59.648467Z[0m [32m INFO[0m [2moif_service::order[0m[2m:[0m Order cleanup completed: deleted 0 orders older than 10 days
[2m2026-02-17T01:56:59.648489Z[0m [32m INFO[0m [2moif_service::jobs::handlers::orders_cleanup[0m[2m:[0m Order cleanup completed successfully: 0 orders deleted
[2m2026-02-17T01:56:59.648841Z[0m [32m INFO[0m [2moif_adapters::oif_adapter[0m[2m:[0m OIF adapter found 3 supported assets across 3 networks
[2m2026-02-17T01:57:02.182616Z[0m [32m INFO[0m [1mhttp_request[0m: [2mtower_http::trace::on_request[0m[2m:[0m started processing request [2m[3mmethod[0m[2m=[0mPOST [3muri[0m[2m=[0m/api/v1/quotes [3mreq_id[0m[2m=[0m"6c298f2f-b1e5-4bf8-bd04-d4f0d53550a7"[0m
[2m2026-02-17T01:57:02.182833Z[0m [32m INFO[0m [1mhttp_request[0m: [2moif_api::handlers::quotes[0m[2m:[0m Received quotes request with 1 inputs and 1 outputs [2m[3mmethod[0m[2m=[0mPOST [3muri[0m[2m=[0m/api/v1/quotes [3mreq_id[0m[2m=[0m"6c298f2f-b1e5-4bf8-bd04-d4f0d53550a7"[0m
[2m2026-02-17T01:57:02.182845Z[0m [32m INFO[0m [1mhttp_request[0m: [2moif_api::handlers::quotes[0m[2m:[0m Processing quotes request with 1 inputs and 1 outputs [2m[3mmethod[0m[2m=[0mPOST [3muri[0m[2m=[0m/api/v1/quotes [3mreq_id[0m[2m=[0m"6c298f2f-b1e5-4bf8-bd04-d4f0d53550a7"[0m
[2m2026-02-17T01:57:02.182913Z[0m [32m INFO[0m [1mhttp_request[0m: [2mtower_http::trace::on_response[0m[2m:[0m finished processing request [3mlatency[0m[2m=[0m0 ms [3mstatus[0m[2m=[0m400 [2m[3mmethod[0m[2m=[0mPOST [3muri[0m[2m=[0m/api/v1/quotes [3mreq_id[0m[2m=[0m"6c298f2f-b1e5-4bf8-bd04-d4f0d53550a7"[0m
[2m2026-02-17T01:57:06.803621Z[0m [32m INFO[0m [1mhttp_request[0m: [2mtower_http::trace::on_request[0m[2m:[0m started processing request [2m[3mmethod[0m[2m=[0mGET [3muri[0m[2m=[0m/api/v1/solvers/local-oif-solver [3mreq_id[0m[2m=[0m"62556076-e1bf-4439-90c2-d8a2670b757c"[0m
[2m2026-02-17T01:57:06.803697Z[0m [32m INFO[0m [1mhttp_request[0m: [2mtower_http::trace::on_response[0m[2m:[0m finished processing request [3mlatency[0m[2m=[0m0 ms [3mstatus[0m[2m=[0m200 [2m[3mmethod[0m[2m=[0mGET [3muri[0m[2m=[0m/api/v1/solvers/local-oif-solver [3mreq_id[0m[2m=[0m"62556076-e1bf-4439-90c2-d8a2670b757c"[0m
[2m2026-02-17T01:57:33.810012Z[0m [32m INFO[0m [1mhttp_request[0m: [2mtower_http::trace::on_request[0m[2m:[0m started processing request [2m[3mmethod[0m[2m=[0mPOST [3muri[0m[2m=[0m/api/v1/quotes [3mreq_id[0m[2m=[0m"e15ceede-553e-47ed-9c2c-9e1d35f10822"[0m
[2m2026-02-17T01:57:33.810099Z[0m [32m INFO[0m [1mhttp_request[0m: [2moif_api::handlers::quotes[0m[2m:[0m Received quotes request with 1 inputs and 1 outputs [2m[3mmethod[0m[2m=[0mPOST [3muri[0m[2m=[0m/api/v1/quotes [3mreq_id[0m[2m=[0m"e15ceede-553e-47ed-9c2c-9e1d35f10822"[0m
[2m2026-02-17T01:57:33.810113Z[0m [32m INFO[0m [1mhttp_request[0m: [2moif_api::handlers::quotes[0m[2m:[0m Processing quotes request with 1 inputs and 1 outputs [2m[3mmethod[0m[2m=[0mPOST [3muri[0m[2m=[0m/api/v1/quotes [3mreq_id[0m[2m=[0m"e15ceede-553e-47ed-9c2c-9e1d35f10822"[0m
[2m2026-02-17T01:57:33.810163Z[0m [32m INFO[0m [1mhttp_request[0m: [2moif_service::aggregator[0m[2m:[0m Starting aggregation: 1 solvers, 10000ms global timeout, 5000ms per-solver timeout, 30 min quotes required [2m[3mmethod[0m[2m=[0mPOST [3muri[0m[2m=[0m/api/v1/quotes [3mreq_id[0m[2m=[0m"e15ceede-553e-47ed-9c2c-9e1d35f10822"[0m
[2m2026-02-17T01:57:34.242936Z[0m [32m INFO[0m [2moif_service::aggregator[0m[2m:[0m Solver local-oif-solver completed attempt 1 with 1 quotes in 432ms
[2m2026-02-17T01:57:34.243025Z[0m [32m INFO[0m [1mhttp_request[0m: [2moif_service::aggregator[0m[2m:[0m All 1 solver tasks completed naturally in 432ms [2m[3mmethod[0m[2m=[0mPOST [3muri[0m[2m=[0m/api/v1/quotes [3mreq_id[0m[2m=[0m"e15ceede-553e-47ed-9c2c-9e1d35f10822"[0m
[2m2026-02-17T01:57:34.243054Z[0m [32m INFO[0m [1mhttp_request[0m: [2moif_service::aggregator[0m[2m:[0m Aggregation completed: 1 quotes from 1 solvers in 432ms (min required: 30) [2m[3mmethod[0m[2m=[0mPOST [3muri[0m[2m=[0m/api/v1/quotes [3mreq_id[0m[2m=[0m"e15ceede-553e-47ed-9c2c-9e1d35f10822"[0m
[2m2026-02-17T01:57:34.243062Z[0m [32m INFO[0m [1mhttp_request[0m: [2moif_service::aggregator[0m[2m:[0m Sorted 1 quotes by Speed preference (default - eta field) [2m[3mmethod[0m[2m=[0mPOST [3muri[0m[2m=[0m/api/v1/quotes [3mreq_id[0m[2m=[0m"e15ceede-553e-47ed-9c2c-9e1d35f10822"[0m
[2m2026-02-17T01:57:34.243093Z[0m [32m INFO[0m [1mhttp_request[0m: [2moif_api::handlers::quotes[0m[2m:[0m Returning 1 quotes for request (duration: 432ms, 1 solvers queried) [2m[3mmethod[0m[2m=[0mPOST [3muri[0m[2m=[0m/api/v1/quotes [3mreq_id[0m[2m=[0m"e15ceede-553e-47ed-9c2c-9e1d35f10822"[0m
[2m2026-02-17T01:57:34.243162Z[0m [32m INFO[0m [1mhttp_request[0m: [2mtower_http::trace::on_response[0m[2m:[0m finished processing request [3mlatency[0m[2m=[0m433 ms [3mstatus[0m[2m=[0m200 [2m[3mmethod[0m[2m=[0mPOST [3muri[0m[2m=[0m/api/v1/quotes [3mreq_id[0m[2m=[0m"e15ceede-553e-47ed-9c2c-9e1d35f10822"[0m
[2m2026-02-17T01:57:51.304712Z[0m [32m INFO[0m [1mhttp_request[0m: [2mtower_http::trace::on_request[0m[2m:[0m started processing request [2m[3mmethod[0m[2m=[0mPOST [3muri[0m[2m=[0m/api/v1/quotes [3mreq_id[0m[2m=[0m"d518db56-8d83-4bbf-b8ba-1333c61bba04"[0m
[2m2026-02-17T01:57:51.304793Z[0m [32m INFO[0m [1mhttp_request[0m: [2moif_api::handlers::quotes[0m[2m:[0m Received quotes request with 1 inputs and 1 outputs [2m[3mmethod[0m[2m=[0mPOST [3muri[0m[2m=[0m/api/v1/quotes [3mreq_id[0m[2m=[0m"d518db56-8d83-4bbf-b8ba-1333c61bba04"[0m
[2m2026-02-17T01:57:51.304806Z[0m [32m INFO[0m [1mhttp_request[0m: [2moif_api::handlers::quotes[0m[2m:[0m Processing quotes request with 1 inputs and 1 outputs [2m[3mmethod[0m[2m=[0mPOST [3muri[0m[2m=[0m/api/v1/quotes [3mreq_id[0m[2m=[0m"d518db56-8d83-4bbf-b8ba-1333c61bba04"[0m
[2m2026-02-17T01:57:51.304848Z[0m [32m INFO[0m [1mhttp_request[0m: [2mtower_http::trace::on_response[0m[2m:[0m finished processing request [3mlatency[0m[2m=[0m0 ms [3mstatus[0m[2m=[0m400 [2m[3mmethod[0m[2m=[0mPOST [3muri[0m[2m=[0m/api/v1/quotes [3mreq_id[0m[2m=[0m"d518db56-8d83-4bbf-b8ba-1333c61bba04"[0m
